{"/home/travis/build/npmtest/node-npmtest-eventproxy/test.js":{"path":"/home/travis/build/npmtest/node-npmtest-eventproxy/test.js","s":{"1":2,"2":2,"3":2,"4":2,"5":2,"6":2,"7":2,"8":1,"9":2,"10":2,"11":1,"12":1,"13":1,"14":1,"15":2,"16":2,"17":2,"18":2,"19":1,"20":1,"21":2,"22":2,"23":2,"24":1,"25":1,"26":1,"27":1,"28":1,"29":1,"30":1,"31":1,"32":1,"33":1,"34":1,"35":1,"36":1,"37":1,"38":1,"39":2,"40":2,"41":1,"42":2,"43":2,"44":1,"45":2,"46":2,"47":1,"48":2,"49":2,"50":1,"51":1,"52":1,"53":1,"54":1},"b":{"1":[2,1,1,1],"2":[1,1,1,1],"3":[1,1],"4":[1,1],"5":[1,1],"6":[1,1],"7":[1,1],"8":[1,1],"9":[1,1],"10":[1,1,1],"11":[1,1],"12":[1,1],"13":[1,1],"14":[1,1],"15":[1,1],"16":[1,1],"17":[1,1]},"f":{"1":2,"2":2,"3":2,"4":2,"5":2,"6":1,"7":1,"8":1,"9":2,"10":2,"11":2,"12":2,"13":1},"fnMap":{"1":{"name":"(anonymous_1)","line":12,"loc":{"start":{"line":12,"column":1},"end":{"line":12,"column":13}}},"2":{"name":"(anonymous_2)","line":19,"loc":{"start":{"line":19,"column":5},"end":{"line":19,"column":17}}},"3":{"name":"(anonymous_3)","line":23,"loc":{"start":{"line":23,"column":24},"end":{"line":23,"column":36}}},"4":{"name":"(anonymous_4)","line":61,"loc":{"start":{"line":61,"column":5},"end":{"line":61,"column":17}}},"5":{"name":"(anonymous_5)","line":82,"loc":{"start":{"line":82,"column":5},"end":{"line":82,"column":17}}},"6":{"name":"(anonymous_6)","line":91,"loc":{"start":{"line":91,"column":77},"end":{"line":94,"column":10}}},"7":{"name":"(anonymous_7)","line":112,"loc":{"start":{"line":112,"column":83},"end":{"line":115,"column":10}},"skip":true},"8":{"name":"(anonymous_8)","line":123,"loc":{"start":{"line":123,"column":77},"end":{"line":126,"column":10}},"skip":true},"9":{"name":"(anonymous_9)","line":139,"loc":{"start":{"line":139,"column":12},"end":{"line":139,"column":40}},"skip":true},"10":{"name":"(anonymous_10)","line":147,"loc":{"start":{"line":147,"column":77},"end":{"line":150,"column":10}},"skip":true},"11":{"name":"(anonymous_11)","line":158,"loc":{"start":{"line":158,"column":83},"end":{"line":161,"column":10}},"skip":true},"12":{"name":"(anonymous_12)","line":169,"loc":{"start":{"line":169,"column":79},"end":{"line":172,"column":10}},"skip":true},"13":{"name":"(anonymous_13)","line":180,"loc":{"start":{"line":180,"column":75},"end":{"line":183,"column":10}},"skip":true}},"statementMap":{"1":{"start":{"line":12,"column":0},"end":{"line":195,"column":5}},"2":{"start":{"line":14,"column":4},"end":{"line":14,"column":14}},"3":{"start":{"line":19,"column":4},"end":{"line":56,"column":9}},"4":{"start":{"line":21,"column":8},"end":{"line":21,"column":19}},"5":{"start":{"line":23,"column":8},"end":{"line":35,"column":13}},"6":{"start":{"line":24,"column":12},"end":{"line":34,"column":13}},"7":{"start":{"line":25,"column":16},"end":{"line":28,"column":30}},"8":{"start":{"line":30,"column":16},"end":{"line":33,"column":27}},"9":{"start":{"line":37,"column":8},"end":{"line":39,"column":21}},"10":{"start":{"line":40,"column":8},"end":{"line":53,"column":9}},"11":{"start":{"line":43,"column":12},"end":{"line":46,"column":14}},"12":{"start":{"line":47,"column":12},"end":{"line":47,"column":18}},"13":{"start":{"line":50,"column":12},"end":{"line":51,"column":46}},"14":{"start":{"line":52,"column":12},"end":{"line":52,"column":18}},"15":{"start":{"line":55,"column":8},"end":{"line":55,"column":35}},"16":{"start":{"line":61,"column":4},"end":{"line":63,"column":9}},"17":{"start":{"line":62,"column":8},"end":{"line":62,"column":15}},"18":{"start":{"line":64,"column":4},"end":{"line":77,"column":5}},"19":{"start":{"line":70,"column":8},"end":{"line":70,"column":14}},"20":{"start":{"line":76,"column":8},"end":{"line":76,"column":14}},"21":{"start":{"line":82,"column":4},"end":{"line":84,"column":9}},"22":{"start":{"line":83,"column":8},"end":{"line":83,"column":15}},"23":{"start":{"line":85,"column":4},"end":{"line":194,"column":5}},"24":{"start":{"line":91,"column":8},"end":{"line":99,"column":10}},"25":{"start":{"line":98,"column":12},"end":{"line":98,"column":35}},"26":{"start":{"line":102,"column":8},"end":{"line":104,"column":63}},"27":{"start":{"line":105,"column":8},"end":{"line":105,"column":14}},"28":{"start":{"line":112,"column":8},"end":{"line":121,"column":10},"skip":true},"29":{"start":{"line":119,"column":12},"end":{"line":119,"column":55},"skip":true},"30":{"start":{"line":120,"column":12},"end":{"line":120,"column":48},"skip":true},"31":{"start":{"line":123,"column":8},"end":{"line":136,"column":10},"skip":true},"32":{"start":{"line":130,"column":12},"end":{"line":130,"column":76},"skip":true},"33":{"start":{"line":131,"column":12},"end":{"line":131,"column":73},"skip":true},"34":{"start":{"line":132,"column":12},"end":{"line":132,"column":74},"skip":true},"35":{"start":{"line":133,"column":12},"end":{"line":133,"column":79},"skip":true},"36":{"start":{"line":134,"column":12},"end":{"line":134,"column":25},"skip":true},"37":{"start":{"line":135,"column":12},"end":{"line":135,"column":45},"skip":true},"38":{"start":{"line":138,"column":8},"end":{"line":145,"column":14},"skip":true},"39":{"start":{"line":143,"column":16},"end":{"line":143,"column":29},"skip":true},"40":{"start":{"line":144,"column":16},"end":{"line":144,"column":55},"skip":true},"41":{"start":{"line":147,"column":8},"end":{"line":156,"column":10},"skip":true},"42":{"start":{"line":154,"column":12},"end":{"line":154,"column":25},"skip":true},"43":{"start":{"line":155,"column":12},"end":{"line":155,"column":45},"skip":true},"44":{"start":{"line":158,"column":8},"end":{"line":167,"column":10},"skip":true},"45":{"start":{"line":165,"column":12},"end":{"line":165,"column":25},"skip":true},"46":{"start":{"line":166,"column":12},"end":{"line":166,"column":48},"skip":true},"47":{"start":{"line":169,"column":8},"end":{"line":178,"column":10},"skip":true},"48":{"start":{"line":176,"column":12},"end":{"line":176,"column":25},"skip":true},"49":{"start":{"line":177,"column":12},"end":{"line":177,"column":46},"skip":true},"50":{"start":{"line":180,"column":8},"end":{"line":189,"column":10},"skip":true},"51":{"start":{"line":187,"column":12},"end":{"line":187,"column":94},"skip":true},"52":{"start":{"line":188,"column":12},"end":{"line":188,"column":48},"skip":true},"53":{"start":{"line":192,"column":8},"end":{"line":192,"column":35},"skip":true},"54":{"start":{"line":193,"column":8},"end":{"line":193,"column":14},"skip":true}},"branchMap":{"1":{"line":25,"type":"binary-expr","locations":[{"start":{"line":25,"column":23},"end":{"line":25,"column":62}},{"start":{"line":26,"column":20},"end":{"line":26,"column":70}},{"start":{"line":27,"column":20},"end":{"line":27,"column":71}},{"start":{"line":28,"column":20},"end":{"line":28,"column":29}}]},"2":{"line":30,"type":"binary-expr","locations":[{"start":{"line":30,"column":23},"end":{"line":30,"column":37}},{"start":{"line":31,"column":20},"end":{"line":31,"column":61}},{"start":{"line":32,"column":20},"end":{"line":32,"column":70}},{"start":{"line":33,"column":20},"end":{"line":33,"column":26}}]},"3":{"line":37,"type":"cond-expr","locations":[{"start":{"line":38,"column":14},"end":{"line":38,"column":20}},{"start":{"line":39,"column":14},"end":{"line":39,"column":20}}]},"4":{"line":40,"type":"switch","locations":[{"start":{"line":42,"column":8},"end":{"line":47,"column":18}},{"start":{"line":49,"column":8},"end":{"line":52,"column":18}}]},"5":{"line":44,"type":"binary-expr","locations":[{"start":{"line":44,"column":16},"end":{"line":44,"column":44}},{"start":{"line":44,"column":48},"end":{"line":44,"column":66}}]},"6":{"line":50,"type":"binary-expr","locations":[{"start":{"line":50,"column":21},"end":{"line":50,"column":49}},{"start":{"line":50,"column":53},"end":{"line":50,"column":72}}]},"7":{"line":64,"type":"switch","locations":[{"start":{"line":69,"column":4},"end":{"line":70,"column":14}},{"start":{"line":75,"column":4},"end":{"line":76,"column":14}}]},"8":{"line":85,"type":"switch","locations":[{"start":{"line":90,"column":4},"end":{"line":105,"column":14}},{"start":{"line":111,"column":4},"end":{"line":193,"column":14},"skip":true}]},"9":{"line":91,"type":"binary-expr","locations":[{"start":{"line":91,"column":42},"end":{"line":91,"column":73}},{"start":{"line":91,"column":77},"end":{"line":99,"column":9}}]},"10":{"line":102,"type":"binary-expr","locations":[{"start":{"line":102,"column":18},"end":{"line":102,"column":32}},{"start":{"line":103,"column":12},"end":{"line":103,"column":53}},{"start":{"line":104,"column":12},"end":{"line":104,"column":61}}]},"11":{"line":112,"type":"binary-expr","locations":[{"start":{"line":112,"column":45},"end":{"line":112,"column":79},"skip":true},{"start":{"line":112,"column":83},"end":{"line":121,"column":9},"skip":true}]},"12":{"line":123,"type":"binary-expr","locations":[{"start":{"line":123,"column":42},"end":{"line":123,"column":73},"skip":true},{"start":{"line":123,"column":77},"end":{"line":136,"column":9},"skip":true}]},"13":{"line":138,"type":"binary-expr","locations":[{"start":{"line":138,"column":48},"end":{"line":138,"column":85},"skip":true},{"start":{"line":139,"column":12},"end":{"line":145,"column":13},"skip":true}]},"14":{"line":147,"type":"binary-expr","locations":[{"start":{"line":147,"column":42},"end":{"line":147,"column":73},"skip":true},{"start":{"line":147,"column":77},"end":{"line":156,"column":9},"skip":true}]},"15":{"line":158,"type":"binary-expr","locations":[{"start":{"line":158,"column":45},"end":{"line":158,"column":79},"skip":true},{"start":{"line":158,"column":83},"end":{"line":167,"column":9},"skip":true}]},"16":{"line":169,"type":"binary-expr","locations":[{"start":{"line":169,"column":43},"end":{"line":169,"column":75},"skip":true},{"start":{"line":169,"column":79},"end":{"line":178,"column":9},"skip":true}]},"17":{"line":180,"type":"binary-expr","locations":[{"start":{"line":180,"column":41},"end":{"line":180,"column":71},"skip":true},{"start":{"line":180,"column":75},"end":{"line":189,"column":9},"skip":true}]}},"code":["/* istanbul instrument in package npmtest_eventproxy */","/*jslint","    bitwise: true,","    browser: true,","    maxerr: 8,","    maxlen: 96,","    node: true,","    nomen: true,","    regexp: true,","    stupid: true","*/","(function () {","    'use strict';","    var local;","","","","    // run shared js-env code - pre-init","    (function () {","        // init local","        local = {};","        // init modeJs","        local.modeJs = (function () {","            try {","                return typeof navigator.userAgent === 'string' &&","                    typeof document.querySelector('body') === 'object' &&","                    typeof XMLHttpRequest.prototype.open === 'function' &&","                    'browser';","            } catch (errorCaughtBrowser) {","                return module.exports &&","                    typeof process.versions.node === 'string' &&","                    typeof require('http').createServer === 'function' &&","                    'node';","            }","        }());","        // init global","        local.global = local.modeJs === 'browser'","            ? window","            : global;","        switch (local.modeJs) {","        // re-init local from window.local","        case 'browser':","            local = local.global.utility2.objectSetDefault(","                local.global.utility2_rollup || local.global.local,","                local.global.utility2","            );","            break;","        // re-init local from example.js","        case 'node':","            local = (local.global.utility2_rollup || require('utility2'))","                .requireExampleJsFromReadme();","            break;","        }","        // export local","        local.global.local = local;","    }());","","","","    // run shared js-env code - function","    (function () {","        return;","    }());","    switch (local.modeJs) {","","","","    // run browser js-env code - function","    case 'browser':","        break;","","","","    // run node js-env code - function","    case 'node':","        break;","    }","","","","    // run shared js-env code - post-init","    (function () {","        return;","    }());","    switch (local.modeJs) {","","","","    // run browser js-env code - post-init","    case 'browser':","        local.testCase_browser_nullCase = local.testCase_browser_nullCase || function (","            options,","            onError","        ) {","        /*","         * this function will test browsers's null-case handling-behavior-behavior","         */","            onError(null, options);","        };","","        // run tests","        local.nop(local.modeTest &&","            document.querySelector('#testRunButton1') &&","            document.querySelector('#testRunButton1').click());","        break;","","","","    // run node js-env code - post-init","    /* istanbul ignore next */","    case 'node':","        local.testCase_buildApidoc_default = local.testCase_buildApidoc_default || function (","            options,","            onError","        ) {","        /*","         * this function will test buildApidoc's default handling-behavior-behavior","         */","            options = { modulePathList: module.paths };","            local.buildApidoc(options, onError);","        };","","        local.testCase_buildApp_default = local.testCase_buildApp_default || function (","            options,","            onError","        ) {","        /*","         * this function will test buildApp's default handling-behavior-behavior","         */","            local.testCase_buildReadme_default(options, local.onErrorThrow);","            local.testCase_buildLib_default(options, local.onErrorThrow);","            local.testCase_buildTest_default(options, local.onErrorThrow);","            local.testCase_buildCustomOrg_default(options, local.onErrorThrow);","            options = [];","            local.buildApp(options, onError);","        };","","        local.testCase_buildCustomOrg_default = local.testCase_buildCustomOrg_default ||","            function (options, onError) {","            /*","             * this function will test buildCustomOrg's default handling-behavior","             */","                options = {};","                local.buildCustomOrg(options, onError);","            };","","        local.testCase_buildLib_default = local.testCase_buildLib_default || function (","            options,","            onError","        ) {","        /*","         * this function will test buildLib's default handling-behavior","         */","            options = {};","            local.buildLib(options, onError);","        };","","        local.testCase_buildReadme_default = local.testCase_buildReadme_default || function (","            options,","            onError","        ) {","        /*","         * this function will test buildReadme's default handling-behavior-behavior","         */","            options = {};","            local.buildReadme(options, onError);","        };","","        local.testCase_buildTest_default = local.testCase_buildTest_default || function (","            options,","            onError","        ) {","        /*","         * this function will test buildTest's default handling-behavior","         */","            options = {};","            local.buildTest(options, onError);","        };","","        local.testCase_webpage_default = local.testCase_webpage_default || function (","            options,","            onError","        ) {","        /*","         * this function will test webpage's default handling-behavior","         */","            options = { modeCoverageMerge: true, url: local.serverLocalHost + '?modeTest=1' };","            local.browserTest(options, onError);","        };","","        // run test-server","        local.testRunServer(local);","        break;","    }","}());",""],"l":{"12":2,"14":2,"19":2,"21":2,"23":2,"24":2,"25":2,"30":1,"37":2,"40":2,"43":1,"47":1,"50":1,"52":1,"55":2,"61":2,"62":2,"64":2,"70":1,"76":1,"82":2,"83":2,"85":2,"91":1,"98":1,"102":1,"105":1,"112":1,"119":1,"120":1,"123":1,"130":1,"131":1,"132":1,"133":1,"134":1,"135":1,"138":1,"143":2,"144":2,"147":1,"154":2,"155":2,"158":1,"165":2,"166":2,"169":1,"176":2,"177":2,"180":1,"187":1,"188":1,"192":1,"193":1}},"/home/travis/build/npmtest/node-npmtest-eventproxy/lib.npmtest_eventproxy.js":{"path":"/home/travis/build/npmtest/node-npmtest-eventproxy/lib.npmtest_eventproxy.js","s":{"1":2,"2":2,"3":2,"4":2,"5":2,"6":2,"7":2,"8":1,"9":2,"10":2,"11":2,"12":2,"13":1,"14":1,"15":1,"16":1},"b":{"1":[2,1,1,1],"2":[1,1,1,1],"3":[1,1],"4":[2,2],"5":[1,1]},"f":{"1":2,"2":2,"3":2},"fnMap":{"1":{"name":"(anonymous_1)","line":12,"loc":{"start":{"line":12,"column":1},"end":{"line":12,"column":13}}},"2":{"name":"(anonymous_2)","line":19,"loc":{"start":{"line":19,"column":5},"end":{"line":19,"column":17}}},"3":{"name":"(anonymous_3)","line":23,"loc":{"start":{"line":23,"column":24},"end":{"line":23,"column":36}}}},"statementMap":{"1":{"start":{"line":12,"column":0},"end":{"line":53,"column":5}},"2":{"start":{"line":14,"column":4},"end":{"line":14,"column":14}},"3":{"start":{"line":19,"column":4},"end":{"line":52,"column":9}},"4":{"start":{"line":21,"column":8},"end":{"line":21,"column":19}},"5":{"start":{"line":23,"column":8},"end":{"line":35,"column":13}},"6":{"start":{"line":24,"column":12},"end":{"line":34,"column":13}},"7":{"start":{"line":25,"column":16},"end":{"line":28,"column":30}},"8":{"start":{"line":30,"column":16},"end":{"line":33,"column":27}},"9":{"start":{"line":37,"column":8},"end":{"line":39,"column":21}},"10":{"start":{"line":41,"column":8},"end":{"line":41,"column":54}},"11":{"start":{"line":43,"column":8},"end":{"line":43,"column":55}},"12":{"start":{"line":45,"column":8},"end":{"line":51,"column":9}},"13":{"start":{"line":46,"column":12},"end":{"line":46,"column":61}},"14":{"start":{"line":48,"column":12},"end":{"line":48,"column":35}},"15":{"start":{"line":49,"column":12},"end":{"line":49,"column":49}},"16":{"start":{"line":50,"column":12},"end":{"line":50,"column":43}}},"branchMap":{"1":{"line":25,"type":"binary-expr","locations":[{"start":{"line":25,"column":23},"end":{"line":25,"column":62}},{"start":{"line":26,"column":20},"end":{"line":26,"column":70}},{"start":{"line":27,"column":20},"end":{"line":27,"column":71}},{"start":{"line":28,"column":20},"end":{"line":28,"column":29}}]},"2":{"line":30,"type":"binary-expr","locations":[{"start":{"line":30,"column":23},"end":{"line":30,"column":37}},{"start":{"line":31,"column":20},"end":{"line":31,"column":61}},{"start":{"line":32,"column":20},"end":{"line":32,"column":70}},{"start":{"line":33,"column":20},"end":{"line":33,"column":26}}]},"3":{"line":37,"type":"cond-expr","locations":[{"start":{"line":38,"column":14},"end":{"line":38,"column":20}},{"start":{"line":39,"column":14},"end":{"line":39,"column":20}}]},"4":{"line":41,"type":"binary-expr","locations":[{"start":{"line":41,"column":16},"end":{"line":41,"column":44}},{"start":{"line":41,"column":48},"end":{"line":41,"column":53}}]},"5":{"line":45,"type":"if","locations":[{"start":{"line":45,"column":8},"end":{"line":45,"column":8}},{"start":{"line":45,"column":8},"end":{"line":45,"column":8}}]}},"code":["/* istanbul instrument in package npmtest_eventproxy */","/*jslint","    bitwise: true,","    browser: true,","    maxerr: 8,","    maxlen: 96,","    node: true,","    nomen: true,","    regexp: true,","    stupid: true","*/","(function () {","    'use strict';","    var local;","","","","    // run shared js-env code - pre-init","    (function () {","        // init local","        local = {};","        // init modeJs","        local.modeJs = (function () {","            try {","                return typeof navigator.userAgent === 'string' &&","                    typeof document.querySelector('body') === 'object' &&","                    typeof XMLHttpRequest.prototype.open === 'function' &&","                    'browser';","            } catch (errorCaughtBrowser) {","                return module.exports &&","                    typeof process.versions.node === 'string' &&","                    typeof require('http').createServer === 'function' &&","                    'node';","            }","        }());","        // init global","        local.global = local.modeJs === 'browser'","            ? window","            : global;","        // init utility2_rollup","        local = local.global.utility2_rollup || local;","        // init lib","        local.local = local.npmtest_eventproxy = local;","        // init exports","        if (local.modeJs === 'browser') {","            local.global.utility2_npmtest_eventproxy = local;","        } else {","            module.exports = local;","            module.exports.__dirname = __dirname;","            module.exports.module = module;","        }","    }());","}());",""],"l":{"12":2,"14":2,"19":2,"21":2,"23":2,"24":2,"25":2,"30":1,"37":2,"41":2,"43":2,"45":2,"46":1,"48":1,"49":1,"50":1}},"/home/travis/build/npmtest/node-npmtest-eventproxy/example.js":{"path":"/home/travis/build/npmtest/node-npmtest-eventproxy/example.js","s":{"1":2,"2":2,"3":2,"4":2,"5":2,"6":2,"7":2,"8":1,"9":2,"10":2,"11":2,"12":2,"13":1,"14":2,"15":2,"16":2,"17":2,"18":2,"19":0,"20":2,"21":1,"22":1,"23":1,"24":1,"25":1,"26":0,"27":0,"28":1,"29":1,"30":2,"31":0,"32":0,"33":0,"34":1,"35":2,"36":2,"37":3,"38":3,"39":3,"40":3,"41":0,"42":3,"43":3,"44":3,"45":1,"46":3,"47":1,"48":1,"49":1,"50":1,"51":1,"52":1,"53":1,"54":1,"55":1,"56":1,"57":0,"58":1,"59":6,"60":6,"61":1,"62":2,"63":0,"64":2,"65":1,"66":1,"67":0,"68":0,"69":0,"70":0,"71":0,"72":0,"73":0,"74":0,"75":0,"76":0,"77":0,"78":0,"79":0,"80":0,"81":0,"82":0,"83":0},"b":{"1":[2,1,1,1],"2":[1,1,1,1],"3":[1,1],"4":[2,2],"5":[1,1],"6":[1,1],"7":[2,0],"8":[2,1,1,1,1,1],"9":[0,2,0],"10":[1,1],"11":[2,1,1],"12":[1,0],"13":[0,2],"14":[2,0,0,0,0,0,0],"15":[0,3],"16":[3,0],"17":[1,1],"18":[0,1],"19":[1,2,0,2],"20":[1,0],"21":[1,1],"22":[0,0],"23":[0,0],"24":[0,0],"25":[0,0],"26":[0,0],"27":[0,0],"28":[0,0]},"f":{"1":2,"2":2,"3":2,"4":2,"5":2,"6":2,"7":3,"8":3,"9":3,"10":1,"11":6,"12":0},"fnMap":{"1":{"name":"(anonymous_1)","line":26,"loc":{"start":{"line":26,"column":1},"end":{"line":26,"column":13}}},"2":{"name":"(anonymous_2)","line":33,"loc":{"start":{"line":33,"column":5},"end":{"line":33,"column":17}}},"3":{"name":"(anonymous_3)","line":37,"loc":{"start":{"line":37,"column":24},"end":{"line":37,"column":36}}},"4":{"name":"(anonymous_4)","line":69,"loc":{"start":{"line":69,"column":31},"end":{"line":69,"column":48}},"skip":true},"5":{"name":"(anonymous_5)","line":78,"loc":{"start":{"line":78,"column":26},"end":{"line":78,"column":45}},"skip":true},"6":{"name":"(anonymous_6)","line":123,"loc":{"start":{"line":123,"column":33},"end":{"line":123,"column":48}},"skip":true},"7":{"name":"(anonymous_7)","line":125,"loc":{"start":{"line":125,"column":27},"end":{"line":125,"column":39}},"skip":true},"8":{"name":"(anonymous_8)","line":133,"loc":{"start":{"line":133,"column":59},"end":{"line":133,"column":74}},"skip":true},"9":{"name":"(anonymous_9)","line":143,"loc":{"start":{"line":143,"column":45},"end":{"line":143,"column":62}},"skip":true},"10":{"name":"(anonymous_10)","line":144,"loc":{"start":{"line":144,"column":73},"end":{"line":144,"column":92}},"skip":true},"11":{"name":"(anonymous_11)","line":272,"loc":{"start":{"line":272,"column":51},"end":{"line":272,"column":77}},"skip":true},"12":{"name":"(anonymous_12)","line":315,"loc":{"start":{"line":315,"column":32},"end":{"line":315,"column":61}},"skip":true}},"statementMap":{"1":{"start":{"line":26,"column":0},"end":{"line":326,"column":5}},"2":{"start":{"line":28,"column":4},"end":{"line":28,"column":14}},"3":{"start":{"line":33,"column":4},"end":{"line":60,"column":9}},"4":{"start":{"line":35,"column":8},"end":{"line":35,"column":19}},"5":{"start":{"line":37,"column":8},"end":{"line":49,"column":13}},"6":{"start":{"line":38,"column":12},"end":{"line":48,"column":13}},"7":{"start":{"line":39,"column":16},"end":{"line":42,"column":30}},"8":{"start":{"line":44,"column":16},"end":{"line":47,"column":27}},"9":{"start":{"line":51,"column":8},"end":{"line":53,"column":21}},"10":{"start":{"line":55,"column":8},"end":{"line":57,"column":45}},"11":{"start":{"line":59,"column":8},"end":{"line":59,"column":35}},"12":{"start":{"line":61,"column":4},"end":{"line":325,"column":5}},"13":{"start":{"line":69,"column":8},"end":{"line":121,"column":10},"skip":true},"14":{"start":{"line":70,"column":12},"end":{"line":88,"column":13},"skip":true},"15":{"start":{"line":76,"column":16},"end":{"line":87,"column":19},"skip":true},"16":{"start":{"line":79,"column":20},"end":{"line":86,"column":21},"skip":true},"17":{"start":{"line":82,"column":24},"end":{"line":82,"column":43},"skip":true},"18":{"start":{"line":83,"column":24},"end":{"line":83,"column":30},"skip":true},"19":{"start":{"line":85,"column":24},"end":{"line":85,"column":49},"skip":true},"20":{"start":{"line":89,"column":12},"end":{"line":107,"column":13},"skip":true},"21":{"start":{"line":92,"column":16},"end":{"line":102,"column":17},"skip":true},"22":{"start":{"line":93,"column":20},"end":{"line":93,"column":86},"skip":true},"23":{"start":{"line":94,"column":20},"end":{"line":95,"column":45},"skip":true},"24":{"start":{"line":96,"column":20},"end":{"line":96,"column":42},"skip":true},"25":{"start":{"line":97,"column":20},"end":{"line":97,"column":48},"skip":true},"26":{"start":{"line":100,"column":20},"end":{"line":100,"column":85},"skip":true},"27":{"start":{"line":101,"column":20},"end":{"line":101,"column":96},"skip":true},"28":{"start":{"line":103,"column":16},"end":{"line":103,"column":22},"skip":true},"29":{"start":{"line":106,"column":16},"end":{"line":106,"column":22},"skip":true},"30":{"start":{"line":108,"column":12},"end":{"line":120,"column":13},"skip":true},"31":{"start":{"line":114,"column":16},"end":{"line":119,"column":17},"skip":true},"32":{"start":{"line":116,"column":20},"end":{"line":116,"column":78},"skip":true},"33":{"start":{"line":118,"column":20},"end":{"line":118,"column":47},"skip":true},"34":{"start":{"line":123,"column":8},"end":{"line":141,"column":11},"skip":true},"35":{"start":{"line":124,"column":12},"end":{"line":124,"column":54},"skip":true},"36":{"start":{"line":125,"column":12},"end":{"line":140,"column":14},"skip":true},"37":{"start":{"line":126,"column":16},"end":{"line":126,"column":28},"skip":true},"38":{"start":{"line":127,"column":16},"end":{"line":127,"column":69},"skip":true},"39":{"start":{"line":128,"column":16},"end":{"line":128,"column":75},"skip":true},"40":{"start":{"line":129,"column":16},"end":{"line":131,"column":17},"skip":true},"41":{"start":{"line":130,"column":20},"end":{"line":130,"column":27},"skip":true},"42":{"start":{"line":133,"column":16},"end":{"line":137,"column":36},"skip":true},"43":{"start":{"line":134,"column":20},"end":{"line":136,"column":55},"skip":true},"44":{"start":{"line":139,"column":16},"end":{"line":139,"column":57},"skip":true},"45":{"start":{"line":143,"column":8},"end":{"line":147,"column":11},"skip":true},"46":{"start":{"line":144,"column":12},"end":{"line":146,"column":15},"skip":true},"47":{"start":{"line":145,"column":16},"end":{"line":145,"column":70},"skip":true},"48":{"start":{"line":149,"column":8},"end":{"line":149,"column":31},"skip":true},"49":{"start":{"line":150,"column":8},"end":{"line":150,"column":14},"skip":true},"50":{"start":{"line":158,"column":8},"end":{"line":158,"column":31},"skip":true},"51":{"start":{"line":160,"column":8},"end":{"line":160,"column":33},"skip":true},"52":{"start":{"line":161,"column":8},"end":{"line":161,"column":37},"skip":true},"53":{"start":{"line":162,"column":8},"end":{"line":162,"column":35},"skip":true},"54":{"start":{"line":164,"column":8},"end":{"line":164,"column":50},"skip":true},"55":{"start":{"line":166,"column":8},"end":{"line":256,"column":2},"skip":true},"56":{"start":{"line":258,"column":8},"end":{"line":286,"column":9},"skip":true},"57":{"start":{"line":259,"column":12},"end":{"line":269,"column":14},"skip":true},"58":{"start":{"line":271,"column":12},"end":{"line":285,"column":19},"skip":true},"59":{"start":{"line":274,"column":20},"end":{"line":274,"column":35},"skip":true},"60":{"start":{"line":275,"column":20},"end":{"line":284,"column":21},"skip":true},"61":{"start":{"line":277,"column":24},"end":{"line":277,"column":64},"skip":true},"62":{"start":{"line":279,"column":24},"end":{"line":279,"column":40},"skip":true},"63":{"start":{"line":281,"column":24},"end":{"line":281,"column":40},"skip":true},"64":{"start":{"line":283,"column":24},"end":{"line":283,"column":39},"skip":true},"65":{"start":{"line":288,"column":8},"end":{"line":290,"column":9},"skip":true},"66":{"start":{"line":289,"column":12},"end":{"line":289,"column":18},"skip":true},"67":{"start":{"line":291,"column":8},"end":{"line":293,"column":54},"skip":true},"68":{"start":{"line":296,"column":8},"end":{"line":301,"column":37},"skip":true},"69":{"start":{"line":303,"column":8},"end":{"line":303,"column":82},"skip":true},"70":{"start":{"line":306,"column":8},"end":{"line":308,"column":9},"skip":true},"71":{"start":{"line":307,"column":12},"end":{"line":307,"column":82},"skip":true},"72":{"start":{"line":310,"column":8},"end":{"line":312,"column":9},"skip":true},"73":{"start":{"line":311,"column":12},"end":{"line":311,"column":18},"skip":true},"74":{"start":{"line":313,"column":8},"end":{"line":313,"column":54},"skip":true},"75":{"start":{"line":314,"column":8},"end":{"line":314,"column":69},"skip":true},"76":{"start":{"line":315,"column":8},"end":{"line":323,"column":36},"skip":true},"77":{"start":{"line":316,"column":12},"end":{"line":316,"column":61},"skip":true},"78":{"start":{"line":317,"column":12},"end":{"line":320,"column":13},"skip":true},"79":{"start":{"line":318,"column":16},"end":{"line":318,"column":75},"skip":true},"80":{"start":{"line":319,"column":16},"end":{"line":319,"column":23},"skip":true},"81":{"start":{"line":321,"column":12},"end":{"line":321,"column":38},"skip":true},"82":{"start":{"line":322,"column":12},"end":{"line":322,"column":27},"skip":true},"83":{"start":{"line":324,"column":8},"end":{"line":324,"column":14},"skip":true}},"branchMap":{"1":{"line":39,"type":"binary-expr","locations":[{"start":{"line":39,"column":23},"end":{"line":39,"column":62}},{"start":{"line":40,"column":20},"end":{"line":40,"column":70}},{"start":{"line":41,"column":20},"end":{"line":41,"column":71}},{"start":{"line":42,"column":20},"end":{"line":42,"column":29}}]},"2":{"line":44,"type":"binary-expr","locations":[{"start":{"line":44,"column":23},"end":{"line":44,"column":37}},{"start":{"line":45,"column":20},"end":{"line":45,"column":61}},{"start":{"line":46,"column":20},"end":{"line":46,"column":70}},{"start":{"line":47,"column":20},"end":{"line":47,"column":26}}]},"3":{"line":51,"type":"cond-expr","locations":[{"start":{"line":52,"column":14},"end":{"line":52,"column":20}},{"start":{"line":53,"column":14},"end":{"line":53,"column":20}}]},"4":{"line":55,"type":"binary-expr","locations":[{"start":{"line":55,"column":16},"end":{"line":55,"column":44}},{"start":{"line":55,"column":49},"end":{"line":57,"column":43}}]},"5":{"line":55,"type":"cond-expr","locations":[{"start":{"line":56,"column":14},"end":{"line":56,"column":54}},{"start":{"line":57,"column":14},"end":{"line":57,"column":43}}]},"6":{"line":61,"type":"switch","locations":[{"start":{"line":68,"column":4},"end":{"line":150,"column":14},"skip":true},{"start":{"line":156,"column":4},"end":{"line":324,"column":14},"skip":true}]},"7":{"line":70,"type":"if","locations":[{"start":{"line":70,"column":12},"end":{"line":70,"column":12},"skip":true},{"start":{"line":70,"column":12},"end":{"line":70,"column":12},"skip":true}]},"8":{"line":70,"type":"binary-expr","locations":[{"start":{"line":70,"column":16},"end":{"line":70,"column":22},"skip":true},{"start":{"line":70,"column":27},"end":{"line":70,"column":32},"skip":true},{"start":{"line":71,"column":20},"end":{"line":71,"column":39},"skip":true},{"start":{"line":72,"column":20},"end":{"line":72,"column":49},"skip":true},{"start":{"line":73,"column":20},"end":{"line":73,"column":58},"skip":true},{"start":{"line":74,"column":20},"end":{"line":74,"column":69},"skip":true}]},"9":{"line":79,"type":"switch","locations":[{"start":{"line":80,"column":20},"end":{"line":80,"column":33},"skip":true},{"start":{"line":81,"column":20},"end":{"line":83,"column":30},"skip":true},{"start":{"line":84,"column":20},"end":{"line":85,"column":49},"skip":true}]},"10":{"line":89,"type":"switch","locations":[{"start":{"line":90,"column":12},"end":{"line":103,"column":22},"skip":true},{"start":{"line":105,"column":12},"end":{"line":106,"column":22},"skip":true}]},"11":{"line":89,"type":"binary-expr","locations":[{"start":{"line":89,"column":20},"end":{"line":89,"column":25},"skip":true},{"start":{"line":89,"column":29},"end":{"line":89,"column":48},"skip":true},{"start":{"line":89,"column":52},"end":{"line":89,"column":74},"skip":true}]},"12":{"line":92,"type":"if","locations":[{"start":{"line":92,"column":16},"end":{"line":92,"column":16},"skip":true},{"start":{"line":92,"column":16},"end":{"line":92,"column":16},"skip":true}]},"13":{"line":108,"type":"if","locations":[{"start":{"line":108,"column":12},"end":{"line":108,"column":12},"skip":true},{"start":{"line":108,"column":12},"end":{"line":108,"column":12},"skip":true}]},"14":{"line":108,"type":"binary-expr","locations":[{"start":{"line":108,"column":16},"end":{"line":108,"column":61},"skip":true},{"start":{"line":108,"column":66},"end":{"line":108,"column":72},"skip":true},{"start":{"line":108,"column":77},"end":{"line":108,"column":82},"skip":true},{"start":{"line":109,"column":20},"end":{"line":109,"column":39},"skip":true},{"start":{"line":110,"column":20},"end":{"line":110,"column":49},"skip":true},{"start":{"line":111,"column":20},"end":{"line":111,"column":58},"skip":true},{"start":{"line":112,"column":20},"end":{"line":112,"column":68},"skip":true}]},"15":{"line":129,"type":"if","locations":[{"start":{"line":129,"column":16},"end":{"line":129,"column":16},"skip":true},{"start":{"line":129,"column":16},"end":{"line":129,"column":16},"skip":true}]},"16":{"line":134,"type":"cond-expr","locations":[{"start":{"line":135,"column":26},"end":{"line":135,"column":29},"skip":true},{"start":{"line":136,"column":26},"end":{"line":136,"column":54},"skip":true}]},"17":{"line":164,"type":"binary-expr","locations":[{"start":{"line":164,"column":27},"end":{"line":164,"column":43},"skip":true},{"start":{"line":164,"column":47},"end":{"line":164,"column":49},"skip":true}]},"18":{"line":258,"type":"if","locations":[{"start":{"line":258,"column":8},"end":{"line":258,"column":8},"skip":true},{"start":{"line":258,"column":8},"end":{"line":258,"column":8},"skip":true}]},"19":{"line":275,"type":"switch","locations":[{"start":{"line":276,"column":20},"end":{"line":277,"column":64},"skip":true},{"start":{"line":278,"column":20},"end":{"line":279,"column":40},"skip":true},{"start":{"line":280,"column":20},"end":{"line":281,"column":40},"skip":true},{"start":{"line":282,"column":20},"end":{"line":283,"column":39},"skip":true}]},"20":{"line":288,"type":"if","locations":[{"start":{"line":288,"column":8},"end":{"line":288,"column":8},"skip":true},{"start":{"line":288,"column":8},"end":{"line":288,"column":8},"skip":true}]},"21":{"line":288,"type":"binary-expr","locations":[{"start":{"line":288,"column":12},"end":{"line":288,"column":40},"skip":true},{"start":{"line":288,"column":44},"end":{"line":288,"column":67},"skip":true}]},"22":{"line":292,"type":"binary-expr","locations":[{"start":{"line":292,"column":12},"end":{"line":292,"column":50},"skip":true},{"start":{"line":293,"column":12},"end":{"line":293,"column":53},"skip":true}]},"23":{"line":297,"type":"binary-expr","locations":[{"start":{"line":297,"column":12},"end":{"line":297,"column":68},"skip":true},{"start":{"line":298,"column":12},"end":{"line":301,"column":36},"skip":true}]},"24":{"line":303,"type":"binary-expr","locations":[{"start":{"line":303,"column":43},"end":{"line":303,"column":75},"skip":true},{"start":{"line":303,"column":79},"end":{"line":303,"column":81},"skip":true}]},"25":{"line":306,"type":"if","locations":[{"start":{"line":306,"column":8},"end":{"line":306,"column":8},"skip":true},{"start":{"line":306,"column":8},"end":{"line":306,"column":8},"skip":true}]},"26":{"line":310,"type":"if","locations":[{"start":{"line":310,"column":8},"end":{"line":310,"column":8},"skip":true},{"start":{"line":310,"column":8},"end":{"line":310,"column":8},"skip":true}]},"27":{"line":313,"type":"binary-expr","locations":[{"start":{"line":313,"column":27},"end":{"line":313,"column":43},"skip":true},{"start":{"line":313,"column":47},"end":{"line":313,"column":53},"skip":true}]},"28":{"line":317,"type":"if","locations":[{"start":{"line":317,"column":12},"end":{"line":317,"column":12},"skip":true},{"start":{"line":317,"column":12},"end":{"line":317,"column":12},"skip":true}]}},"code":["/*","example.js","","quickstart example","","instruction","    1. save this script as example.js","    2. run the shell command:","        $ npm install npmtest-eventproxy && PORT=8081 node example.js","    3. play with the browser-demo on http://127.0.0.1:8081","*/","","","","/* istanbul instrument in package npmtest_eventproxy */","/*jslint","    bitwise: true,","    browser: true,","    maxerr: 8,","    maxlen: 96,","    node: true,","    nomen: true,","    regexp: true,","    stupid: true","*/","(function () {","    'use strict';","    var local;","","","","    // run shared js-env code - pre-init","    (function () {","        // init local","        local = {};","        // init modeJs","        local.modeJs = (function () {","            try {","                return typeof navigator.userAgent === 'string' &&","                    typeof document.querySelector('body') === 'object' &&","                    typeof XMLHttpRequest.prototype.open === 'function' &&","                    'browser';","            } catch (errorCaughtBrowser) {","                return module.exports &&","                    typeof process.versions.node === 'string' &&","                    typeof require('http').createServer === 'function' &&","                    'node';","            }","        }());","        // init global","        local.global = local.modeJs === 'browser'","            ? window","            : global;","        // init utility2_rollup","        local = local.global.utility2_rollup || (local.modeJs === 'browser'","            ? local.global.utility2_npmtest_eventproxy","            : global.utility2_moduleExports);","        // export local","        local.global.local = local;","    }());","    switch (local.modeJs) {","","","","    // post-init","    // run browser js-env code - post-init","    /* istanbul ignore next */","    case 'browser':","        local.testRunBrowser = function (event) {","            if (!event || (event &&","                    event.currentTarget &&","                    event.currentTarget.className &&","                    event.currentTarget.className.includes &&","                    event.currentTarget.className.includes('onreset'))) {","                // reset output","                Array.from(","                    document.querySelectorAll('body > .resettable')","                ).forEach(function (element) {","                    switch (element.tagName) {","                    case 'INPUT':","                    case 'TEXTAREA':","                        element.value = '';","                        break;","                    default:","                        element.textContent = '';","                    }","                });","            }","            switch (event && event.currentTarget && event.currentTarget.id) {","            case 'testRunButton1':","                // show tests","                if (document.querySelector('#testReportDiv1').style.display === 'none') {","                    document.querySelector('#testReportDiv1').style.display = 'block';","                    document.querySelector('#testRunButton1').textContent =","                        'hide internal test';","                    local.modeTest = true;","                    local.testRunDefault(local);","                // hide tests","                } else {","                    document.querySelector('#testReportDiv1').style.display = 'none';","                    document.querySelector('#testRunButton1').textContent = 'run internal test';","                }","                break;","            // custom-case","            default:","                break;","            }","            if (document.querySelector('#inputTextareaEval1') && (!event || (event &&","                    event.currentTarget &&","                    event.currentTarget.className &&","                    event.currentTarget.className.includes &&","                    event.currentTarget.className.includes('oneval')))) {","                // try to eval input-code","                try {","                    /*jslint evil: true*/","                    eval(document.querySelector('#inputTextareaEval1').value);","                } catch (errorCaught) {","                    console.error(errorCaught);","                }","            }","        };","        // log stderr and stdout to #outputTextareaStdout1","        ['error', 'log'].forEach(function (key) {","            console[key + '_original'] = console[key];","            console[key] = function () {","                var element;","                console[key + '_original'].apply(console, arguments);","                element = document.querySelector('#outputTextareaStdout1');","                if (!element) {","                    return;","                }","                // append text to #outputTextareaStdout1","                element.value += Array.from(arguments).map(function (arg) {","                    return typeof arg === 'string'","                        ? arg","                        : JSON.stringify(arg, null, 4);","                }).join(' ') + '\\n';","                // scroll textarea to bottom","                element.scrollTop = element.scrollHeight;","            };","        });","        // init event-handling","        ['change', 'click', 'keyup'].forEach(function (event) {","            Array.from(document.querySelectorAll('.on' + event)).forEach(function (element) {","                element.addEventListener(event, local.testRunBrowser);","            });","        });","        // run tests","        local.testRunBrowser();","        break;","","","","    // run node js-env code - post-init","    /* istanbul ignore next */","    case 'node':","        // export local","        module.exports = local;","        // require modules","        local.fs = require('fs');","        local.http = require('http');","        local.url = require('url');","        // init assets","        local.assetsDict = local.assetsDict || {};","        /* jslint-ignore-begin */","        local.assetsDict['/assets.index.template.html'] = '\\","<!doctype html>\\n\\","<html lang=\"en\">\\n\\","<head>\\n\\","<meta charset=\"UTF-8\">\\n\\","<meta name=\"viewport\" content=\"width=device-width, initial-scale=1\">\\n\\","<title>{{env.npm_package_name}} (v{{env.npm_package_version}})</title>\\n\\","<style>\\n\\","/*csslint\\n\\","    box-sizing: false,\\n\\","    universal-selector: false\\n\\","*/\\n\\","* {\\n\\","    box-sizing: border-box;\\n\\","}\\n\\","body {\\n\\","    background: #dde;\\n\\","    font-family: Arial, Helvetica, sans-serif;\\n\\","    margin: 2rem;\\n\\","}\\n\\","body > * {\\n\\","    margin-bottom: 1rem;\\n\\","}\\n\\",".utility2FooterDiv {\\n\\","    margin-top: 20px;\\n\\","    text-align: center;\\n\\","}\\n\\","</style>\\n\\","<style>\\n\\","/*csslint\\n\\","*/\\n\\","textarea {\\n\\","    font-family: monospace;\\n\\","    height: 10rem;\\n\\","    width: 100%;\\n\\","}\\n\\","textarea[readonly] {\\n\\","    background: #ddd;\\n\\","}\\n\\","</style>\\n\\","</head>\\n\\","<body>\\n\\","<!-- utility2-comment\\n\\","<div id=\"ajaxProgressDiv1\" style=\"background: #d00; height: 2px; left: 0; margin: 0; padding: 0; position: fixed; top: 0; transition: background 0.5s, width 1.5s; width: 25%;\"></div>\\n\\","utility2-comment -->\\n\\","<h1>\\n\\","<!-- utility2-comment\\n\\","    <a\\n\\","        {{#if env.npm_package_homepage}}\\n\\","        href=\"{{env.npm_package_homepage}}\"\\n\\","        {{/if env.npm_package_homepage}}\\n\\","        target=\"_blank\"\\n\\","    >\\n\\","utility2-comment -->\\n\\","        {{env.npm_package_name}} (v{{env.npm_package_version}})\\n\\","<!-- utility2-comment\\n\\","    </a>\\n\\","utility2-comment -->\\n\\","</h1>\\n\\","<h3>{{env.npm_package_description}}</h3>\\n\\","<!-- utility2-comment\\n\\","<h4><a download href=\"assets.app.js\">download standalone app</a></h4>\\n\\","<button class=\"onclick onreset\" id=\"testRunButton1\">run internal test</button><br>\\n\\","<div id=\"testReportDiv1\" style=\"display: none;\"></div>\\n\\","utility2-comment -->\\n\\","\\n\\","\\n\\","\\n\\","<label>stderr and stdout</label>\\n\\","<textarea class=\"resettable\" id=\"outputTextareaStdout1\" readonly></textarea>\\n\\","<!-- utility2-comment\\n\\","{{#if isRollup}}\\n\\","<script src=\"assets.app.js\"></script>\\n\\","{{#unless isRollup}}\\n\\","utility2-comment -->\\n\\","<script src=\"assets.utility2.rollup.js\"></script>\\n\\","<script src=\"jsonp.utility2._stateInit?callback=window.utility2._stateInit\"></script>\\n\\","<script src=\"assets.npmtest_eventproxy.rollup.js\"></script>\\n\\","<script src=\"assets.example.js\"></script>\\n\\","<script src=\"assets.test.js\"></script>\\n\\","<!-- utility2-comment\\n\\","{{/if isRollup}}\\n\\","utility2-comment -->\\n\\","<div class=\"utility2FooterDiv\">\\n\\","    [ this app was created with\\n\\","    <a href=\"https://github.com/kaizhu256/node-utility2\" target=\"_blank\">utility2</a>\\n\\","    ]\\n\\","</div>\\n\\","</body>\\n\\","</html>\\n\\","';","        /* jslint-ignore-end */","        if (local.templateRender) {","            local.assetsDict['/'] = local.templateRender(","                local.assetsDict['/assets.index.template.html'],","                {","                    env: local.objectSetDefault(local.env, {","                        npm_package_description: 'the greatest app in the world!',","                        npm_package_name: 'my-app',","                        npm_package_nameAlias: 'my_app',","                        npm_package_version: '0.0.1'","                    })","                }","            );","        } else {","            local.assetsDict['/'] = local.assetsDict['/assets.index.template.html']","                .replace((/\\{\\{env\\.(\\w+?)\\}\\}/g), function (match0, match1) {","                    // jslint-hack","                    String(match0);","                    switch (match1) {","                    case 'npm_package_description':","                        return 'the greatest app in the world!';","                    case 'npm_package_name':","                        return 'my-app';","                    case 'npm_package_nameAlias':","                        return 'my_app';","                    case 'npm_package_version':","                        return '0.0.1';","                    }","                });","        }","        // run the cli","        if (local.global.utility2_rollup || module !== require.main) {","            break;","        }","        local.assetsDict['/assets.example.js'] =","            local.assetsDict['/assets.example.js'] ||","            local.fs.readFileSync(__filename, 'utf8');","        // bug-workaround - long $npm_package_buildCustomOrg","        /* jslint-ignore-begin */","        local.assetsDict['/assets.npmtest_eventproxy.rollup.js'] =","            local.assetsDict['/assets.npmtest_eventproxy.rollup.js'] ||","            local.fs.readFileSync(","                local.npmtest_eventproxy.__dirname + '/lib.npmtest_eventproxy.js',","                'utf8'","            ).replace((/^#!/), '//');","        /* jslint-ignore-end */","        local.assetsDict['/favicon.ico'] = local.assetsDict['/favicon.ico'] || '';","        // if $npm_config_timeout_exit exists,","        // then exit this process after $npm_config_timeout_exit ms","        if (Number(process.env.npm_config_timeout_exit)) {","            setTimeout(process.exit, Number(process.env.npm_config_timeout_exit));","        }","        // start server","        if (local.global.utility2_serverHttp1) {","            break;","        }","        process.env.PORT = process.env.PORT || '8081';","        console.error('server starting on port ' + process.env.PORT);","        local.http.createServer(function (request, response) {","            request.urlParsed = local.url.parse(request.url);","            if (local.assetsDict[request.urlParsed.pathname] !== undefined) {","                response.end(local.assetsDict[request.urlParsed.pathname]);","                return;","            }","            response.statusCode = 404;","            response.end();","        }).listen(process.env.PORT);","        break;","    }","}());",""],"l":{"26":2,"28":2,"33":2,"35":2,"37":2,"38":2,"39":2,"44":1,"51":2,"55":2,"59":2,"61":2,"69":1,"70":2,"76":2,"79":2,"82":2,"83":2,"85":1,"89":2,"92":1,"93":1,"94":1,"96":1,"97":1,"100":1,"101":1,"103":1,"106":1,"108":2,"114":1,"116":1,"118":1,"123":1,"124":2,"125":2,"126":3,"127":3,"128":3,"129":3,"130":1,"133":3,"134":3,"139":3,"143":1,"144":3,"145":1,"149":1,"150":1,"158":1,"160":1,"161":1,"162":1,"164":1,"166":1,"258":1,"259":1,"271":1,"274":6,"275":6,"277":1,"279":2,"281":1,"283":2,"288":1,"289":1,"291":1,"296":1,"303":1,"306":1,"307":1,"310":1,"311":1,"313":1,"314":1,"315":1,"316":1,"317":1,"318":1,"319":1,"321":1,"322":1,"324":1}},"/home/travis/build/npmtest/node-npmtest-eventproxy/node_modules/eventproxy/index.js":{"path":"/home/travis/build/npmtest/node-npmtest-eventproxy/node_modules/eventproxy/index.js","s":{"1":1},"b":{},"f":{},"fnMap":{},"statementMap":{"1":{"start":{"line":1,"column":0},"end":{"line":1,"column":45}}},"branchMap":{},"code":["module.exports = require('./lib/eventproxy');",""],"l":{"1":1}},"/home/travis/build/npmtest/node-npmtest-eventproxy/node_modules/eventproxy/lib/eventproxy.js":{"path":"/home/travis/build/npmtest/node-npmtest-eventproxy/node_modules/eventproxy/lib/eventproxy.js","s":{"1":1,"2":1,"3":1,"4":0,"5":0,"6":0,"7":1,"8":1,"9":0,"10":1,"11":1,"12":1,"13":1,"14":1,"15":0,"16":0,"17":0,"18":0,"19":1,"20":0,"21":0,"22":0,"23":0,"24":1,"25":1,"26":1,"27":1,"28":0,"29":0,"30":0,"31":0,"32":1,"33":0,"34":0,"35":0,"36":0,"37":0,"38":0,"39":0,"40":0,"41":0,"42":0,"43":0,"44":0,"45":0,"46":0,"47":0,"48":1,"49":1,"50":0,"51":1,"52":0,"53":1,"54":0,"55":1,"56":0,"57":0,"58":0,"59":0,"60":0,"61":0,"62":0,"63":0,"64":0,"65":0,"66":0,"67":0,"68":0,"69":0,"70":0,"71":0,"72":0,"73":0,"74":0,"75":1,"76":1,"77":1,"78":0,"79":0,"80":0,"81":0,"82":0,"83":0,"84":1,"85":0,"86":1,"87":0,"88":0,"89":0,"90":0,"91":1,"92":0,"93":0,"94":0,"95":1,"96":1,"97":0,"98":0,"99":0,"100":0,"101":0,"102":0,"103":0,"104":0,"105":0,"106":0,"107":0,"108":0,"109":0,"110":0,"111":0,"112":0,"113":0,"114":0,"115":0,"116":0,"117":0,"118":0,"119":0,"120":0,"121":0,"122":0,"123":0,"124":0,"125":0,"126":0,"127":0,"128":0,"129":0,"130":0,"131":0,"132":0,"133":1,"134":0,"135":0,"136":0,"137":0,"138":1,"139":1,"140":0,"141":0,"142":0,"143":0,"144":0,"145":1,"146":0,"147":0,"148":1,"149":0,"150":0,"151":0,"152":0,"153":1,"154":1,"155":1,"156":0,"157":0,"158":0,"159":0,"160":0,"161":0,"162":0,"163":0,"164":0,"165":0,"166":0,"167":0,"168":0,"169":0,"170":0,"171":0,"172":0,"173":0,"174":0,"175":0,"176":0,"177":0,"178":0,"179":0,"180":0,"181":1,"182":0,"183":0,"184":0,"185":0,"186":0,"187":0,"188":0,"189":0,"190":1,"191":0,"192":0,"193":0,"194":0,"195":0,"196":0,"197":0,"198":0,"199":0,"200":1,"201":0,"202":0,"203":0,"204":0,"205":0,"206":0,"207":1,"208":0,"209":0,"210":0,"211":0,"212":0,"213":0,"214":0,"215":0,"216":0,"217":0,"218":0,"219":0,"220":1,"221":0,"222":0,"223":0,"224":0,"225":0,"226":1,"227":0,"228":0,"229":0,"230":0,"231":0,"232":0,"233":0,"234":0,"235":0,"236":0,"237":1,"238":1},"b":{"1":[1,1],"2":[0,1],"3":[1,0],"4":[1,0],"5":[0,0],"6":[0,0],"7":[0,0],"8":[0,0],"9":[0,0],"10":[0,0],"11":[0,0],"12":[0,0],"13":[0,0],"14":[0,0],"15":[0,0],"16":[1,1,0,0,0],"17":[0,0],"18":[0,0],"19":[0,0],"20":[0,0],"21":[0,0],"22":[0,0],"23":[0,0],"24":[0,0],"25":[0,0],"26":[0,0],"27":[0,0],"28":[0,0],"29":[0,0],"30":[0,0],"31":[0,0],"32":[0,0],"33":[0,0],"34":[0,0],"35":[0,0],"36":[0,0],"37":[0,0],"38":[0,0],"39":[0,0],"40":[0,0]},"f":{"1":1,"2":0,"3":0,"4":1,"5":0,"6":0,"7":0,"8":0,"9":0,"10":0,"11":0,"12":0,"13":0,"14":0,"15":0,"16":0,"17":0,"18":0,"19":0,"20":0,"21":0,"22":0,"23":0,"24":0,"25":0,"26":0,"27":0,"28":0,"29":0,"30":0,"31":0,"32":0,"33":0,"34":0,"35":0,"36":0,"37":0,"38":0,"39":0,"40":0,"41":0,"42":0,"43":0},"fnMap":{"1":{"name":"(anonymous_1)","line":2,"loc":{"start":{"line":2,"column":2},"end":{"line":2,"column":30}}},"2":{"name":"(anonymous_2)","line":10,"loc":{"start":{"line":10,"column":31},"end":{"line":10,"column":43}}},"3":{"name":"(anonymous_3)","line":10,"loc":{"start":{"line":10,"column":51},"end":{"line":10,"column":63}}},"4":{"name":"(anonymous_4)","line":19,"loc":{"start":{"line":19,"column":17},"end":{"line":19,"column":34}}},"5":{"name":"(anonymous_5)","line":20,"loc":{"start":{"line":20,"column":19},"end":{"line":20,"column":31}}},"6":{"name":"(anonymous_6)","line":43,"loc":{"start":{"line":43,"column":19},"end":{"line":43,"column":31}}},"7":{"name":"(anonymous_7)","line":64,"loc":{"start":{"line":64,"column":37},"end":{"line":64,"column":61}}},"8":{"name":"(anonymous_8)","line":88,"loc":{"start":{"line":88,"column":34},"end":{"line":88,"column":58}}},"9":{"name":"(anonymous_9)","line":103,"loc":{"start":{"line":103,"column":40},"end":{"line":103,"column":71}}},"10":{"name":"(anonymous_10)","line":137,"loc":{"start":{"line":137,"column":44},"end":{"line":137,"column":61}}},"11":{"name":"(anonymous_11)","line":144,"loc":{"start":{"line":144,"column":36},"end":{"line":144,"column":56}}},"12":{"name":"(anonymous_12)","line":151,"loc":{"start":{"line":151,"column":38},"end":{"line":151,"column":58}}},"13":{"name":"(anonymous_13)","line":162,"loc":{"start":{"line":162,"column":33},"end":{"line":162,"column":60}}},"14":{"name":"(anonymous_14)","line":204,"loc":{"start":{"line":204,"column":30},"end":{"line":204,"column":54}}},"15":{"name":"(anonymous_15)","line":206,"loc":{"start":{"line":206,"column":18},"end":{"line":206,"column":30}}},"16":{"name":"(anonymous_16)","line":215,"loc":{"start":{"line":215,"column":60},"end":{"line":215,"column":74}}},"17":{"name":"(anonymous_17)","line":223,"loc":{"start":{"line":223,"column":35},"end":{"line":223,"column":47}}},"18":{"name":"(anonymous_18)","line":226,"loc":{"start":{"line":226,"column":10},"end":{"line":226,"column":22}}},"19":{"name":"(anonymous_19)","line":237,"loc":{"start":{"line":237,"column":35},"end":{"line":237,"column":65}}},"20":{"name":"(anonymous_20)","line":247,"loc":{"start":{"line":247,"column":16},"end":{"line":247,"column":60}}},"21":{"name":"(anonymous_21)","line":267,"loc":{"start":{"line":267,"column":15},"end":{"line":267,"column":30}}},"22":{"name":"(anonymous_22)","line":269,"loc":{"start":{"line":269,"column":25},"end":{"line":269,"column":41}}},"23":{"name":"(anonymous_23)","line":284,"loc":{"start":{"line":284,"column":15},"end":{"line":284,"column":32}}},"24":{"name":"(anonymous_24)","line":317,"loc":{"start":{"line":317,"column":29},"end":{"line":317,"column":73}}},"25":{"name":"(anonymous_25)","line":332,"loc":{"start":{"line":332,"column":30},"end":{"line":332,"column":50}}},"26":{"name":"(anonymous_26)","line":335,"loc":{"start":{"line":335,"column":23},"end":{"line":335,"column":35}}},"27":{"name":"(anonymous_27)","line":347,"loc":{"start":{"line":347,"column":31},"end":{"line":347,"column":43}}},"28":{"name":"(anonymous_28)","line":365,"loc":{"start":{"line":365,"column":30},"end":{"line":365,"column":42}}},"29":{"name":"(anonymous_29)","line":386,"loc":{"start":{"line":386,"column":31},"end":{"line":386,"column":69}}},"30":{"name":"(anonymous_30)","line":400,"loc":{"start":{"line":400,"column":14},"end":{"line":400,"column":36}}},"31":{"name":"(anonymous_31)","line":440,"loc":{"start":{"line":440,"column":31},"end":{"line":440,"column":62}}},"32":{"name":"(anonymous_32)","line":445,"loc":{"start":{"line":445,"column":11},"end":{"line":445,"column":32}}},"33":{"name":"(anonymous_33)","line":464,"loc":{"start":{"line":464,"column":29},"end":{"line":464,"column":41}}},"34":{"name":"(anonymous_34)","line":473,"loc":{"start":{"line":473,"column":16},"end":{"line":473,"column":31}}},"35":{"name":"(anonymous_35)","line":474,"loc":{"start":{"line":474,"column":22},"end":{"line":474,"column":38}}},"36":{"name":"(anonymous_36)","line":490,"loc":{"start":{"line":490,"column":29},"end":{"line":490,"column":60}}},"37":{"name":"(anonymous_37)","line":493,"loc":{"start":{"line":493,"column":21},"end":{"line":493,"column":43}}},"38":{"name":"(anonymous_38)","line":534,"loc":{"start":{"line":534,"column":30},"end":{"line":534,"column":59}}},"39":{"name":"(anonymous_39)","line":536,"loc":{"start":{"line":536,"column":11},"end":{"line":536,"column":32}}},"40":{"name":"(anonymous_40)","line":576,"loc":{"start":{"line":576,"column":35},"end":{"line":576,"column":64}}},"41":{"name":"(anonymous_41)","line":578,"loc":{"start":{"line":578,"column":11},"end":{"line":578,"column":32}}},"42":{"name":"(anonymous_42)","line":580,"loc":{"start":{"line":580,"column":12},"end":{"line":580,"column":24}}},"43":{"name":"(anonymous_43)","line":601,"loc":{"start":{"line":601,"column":22},"end":{"line":601,"column":34}}}},"statementMap":{"1":{"start":{"line":2,"column":0},"end":{"line":620,"column":3}},"2":{"start":{"line":4,"column":2},"end":{"line":6,"column":65}},"3":{"start":{"line":8,"column":2},"end":{"line":18,"column":3}},"4":{"start":{"line":10,"column":4},"end":{"line":10,"column":69}},"5":{"start":{"line":10,"column":44},"end":{"line":10,"column":66}},"6":{"start":{"line":11,"column":4},"end":{"line":11,"column":45}},"7":{"start":{"line":12,"column":9},"end":{"line":18,"column":3}},"8":{"start":{"line":14,"column":4},"end":{"line":14,"column":64}},"9":{"start":{"line":17,"column":4},"end":{"line":17,"column":30}},"10":{"start":{"line":20,"column":2},"end":{"line":20,"column":34}},"11":{"start":{"line":25,"column":2},"end":{"line":25,"column":36}},"12":{"start":{"line":26,"column":2},"end":{"line":26,"column":38}},"13":{"start":{"line":27,"column":2},"end":{"line":27,"column":28}},"14":{"start":{"line":43,"column":2},"end":{"line":49,"column":4}},"15":{"start":{"line":44,"column":4},"end":{"line":46,"column":5}},"16":{"start":{"line":45,"column":6},"end":{"line":45,"column":30}},"17":{"start":{"line":47,"column":4},"end":{"line":47,"column":25}},"18":{"start":{"line":48,"column":4},"end":{"line":48,"column":21}},"19":{"start":{"line":64,"column":2},"end":{"line":69,"column":4}},"20":{"start":{"line":65,"column":4},"end":{"line":65,"column":37}},"21":{"start":{"line":66,"column":4},"end":{"line":66,"column":52}},"22":{"start":{"line":67,"column":4},"end":{"line":67,"column":39}},"23":{"start":{"line":68,"column":4},"end":{"line":68,"column":16}},"24":{"start":{"line":73,"column":2},"end":{"line":73,"column":63}},"25":{"start":{"line":77,"column":2},"end":{"line":77,"column":61}},"26":{"start":{"line":81,"column":2},"end":{"line":81,"column":68}},"27":{"start":{"line":88,"column":2},"end":{"line":93,"column":4}},"28":{"start":{"line":89,"column":4},"end":{"line":89,"column":37}},"29":{"start":{"line":90,"column":4},"end":{"line":90,"column":52}},"30":{"start":{"line":91,"column":4},"end":{"line":91,"column":42}},"31":{"start":{"line":92,"column":4},"end":{"line":92,"column":16}},"32":{"start":{"line":103,"column":2},"end":{"line":126,"column":4}},"33":{"start":{"line":104,"column":4},"end":{"line":104,"column":32}},"34":{"start":{"line":105,"column":4},"end":{"line":124,"column":5}},"35":{"start":{"line":106,"column":6},"end":{"line":106,"column":36}},"36":{"start":{"line":107,"column":6},"end":{"line":107,"column":27}},"37":{"start":{"line":109,"column":6},"end":{"line":123,"column":7}},"38":{"start":{"line":110,"column":8},"end":{"line":110,"column":55}},"39":{"start":{"line":111,"column":8},"end":{"line":111,"column":30}},"40":{"start":{"line":113,"column":8},"end":{"line":113,"column":36}},"41":{"start":{"line":114,"column":8},"end":{"line":122,"column":9}},"42":{"start":{"line":115,"column":10},"end":{"line":115,"column":30}},"43":{"start":{"line":116,"column":10},"end":{"line":121,"column":11}},"44":{"start":{"line":117,"column":12},"end":{"line":120,"column":13}},"45":{"start":{"line":118,"column":14},"end":{"line":118,"column":58}},"46":{"start":{"line":119,"column":14},"end":{"line":119,"column":29}},"47":{"start":{"line":125,"column":4},"end":{"line":125,"column":16}},"48":{"start":{"line":130,"column":2},"end":{"line":130,"column":68}},"49":{"start":{"line":137,"column":2},"end":{"line":139,"column":4}},"50":{"start":{"line":138,"column":4},"end":{"line":138,"column":30}},"51":{"start":{"line":144,"column":2},"end":{"line":146,"column":4}},"52":{"start":{"line":145,"column":4},"end":{"line":145,"column":35}},"53":{"start":{"line":151,"column":2},"end":{"line":153,"column":4}},"54":{"start":{"line":152,"column":4},"end":{"line":152,"column":37}},"55":{"start":{"line":162,"column":2},"end":{"line":188,"column":4}},"56":{"start":{"line":163,"column":4},"end":{"line":163,"column":33}},"57":{"start":{"line":164,"column":4},"end":{"line":164,"column":17}},"58":{"start":{"line":165,"column":4},"end":{"line":165,"column":32}},"59":{"start":{"line":166,"column":4},"end":{"line":166,"column":57}},"60":{"start":{"line":167,"column":4},"end":{"line":186,"column":5}},"61":{"start":{"line":168,"column":6},"end":{"line":168,"column":40}},"62":{"start":{"line":169,"column":6},"end":{"line":169,"column":23}},"63":{"start":{"line":170,"column":6},"end":{"line":185,"column":7}},"64":{"start":{"line":171,"column":8},"end":{"line":184,"column":9}},"65":{"start":{"line":172,"column":10},"end":{"line":183,"column":11}},"66":{"start":{"line":173,"column":12},"end":{"line":173,"column":30}},"67":{"start":{"line":174,"column":12},"end":{"line":174,"column":16}},"68":{"start":{"line":175,"column":12},"end":{"line":175,"column":16}},"69":{"start":{"line":177,"column":12},"end":{"line":177,"column":26}},"70":{"start":{"line":178,"column":12},"end":{"line":178,"column":37}},"71":{"start":{"line":179,"column":12},"end":{"line":181,"column":13}},"72":{"start":{"line":180,"column":14},"end":{"line":180,"column":38}},"73":{"start":{"line":182,"column":12},"end":{"line":182,"column":39}},"74":{"start":{"line":187,"column":4},"end":{"line":187,"column":16}},"75":{"start":{"line":193,"column":2},"end":{"line":193,"column":59}},"76":{"start":{"line":197,"column":2},"end":{"line":197,"column":59}},"77":{"start":{"line":204,"column":2},"end":{"line":212,"column":4}},"78":{"start":{"line":205,"column":4},"end":{"line":205,"column":20}},"79":{"start":{"line":206,"column":4},"end":{"line":209,"column":6}},"80":{"start":{"line":207,"column":6},"end":{"line":207,"column":38}},"81":{"start":{"line":208,"column":6},"end":{"line":208,"column":31}},"82":{"start":{"line":210,"column":4},"end":{"line":210,"column":27}},"83":{"start":{"line":211,"column":4},"end":{"line":211,"column":16}},"84":{"start":{"line":214,"column":2},"end":{"line":217,"column":4}},"85":{"start":{"line":216,"column":4},"end":{"line":216,"column":22}},"86":{"start":{"line":223,"column":2},"end":{"line":229,"column":4}},"87":{"start":{"line":224,"column":4},"end":{"line":224,"column":20}},"88":{"start":{"line":225,"column":4},"end":{"line":225,"column":25}},"89":{"start":{"line":226,"column":4},"end":{"line":228,"column":7}},"90":{"start":{"line":227,"column":6},"end":{"line":227,"column":37}},"91":{"start":{"line":237,"column":2},"end":{"line":241,"column":4}},"92":{"start":{"line":238,"column":4},"end":{"line":238,"column":28}},"93":{"start":{"line":239,"column":4},"end":{"line":239,"column":27}},"94":{"start":{"line":240,"column":4},"end":{"line":240,"column":16}},"95":{"start":{"line":245,"column":2},"end":{"line":245,"column":61}},"96":{"start":{"line":247,"column":2},"end":{"line":302,"column":4}},"97":{"start":{"line":248,"column":4},"end":{"line":248,"column":21}},"98":{"start":{"line":249,"column":4},"end":{"line":249,"column":38}},"99":{"start":{"line":250,"column":4},"end":{"line":250,"column":18}},"100":{"start":{"line":251,"column":4},"end":{"line":251,"column":18}},"101":{"start":{"line":254,"column":4},"end":{"line":256,"column":5}},"102":{"start":{"line":255,"column":6},"end":{"line":255,"column":18}},"103":{"start":{"line":258,"column":4},"end":{"line":258,"column":46}},"104":{"start":{"line":259,"column":4},"end":{"line":259,"column":45}},"105":{"start":{"line":260,"column":4},"end":{"line":260,"column":43}},"106":{"start":{"line":263,"column":4},"end":{"line":265,"column":5}},"107":{"start":{"line":264,"column":6},"end":{"line":264,"column":18}},"108":{"start":{"line":266,"column":4},"end":{"line":266,"column":73}},"109":{"start":{"line":267,"column":4},"end":{"line":277,"column":6}},"110":{"start":{"line":268,"column":6},"end":{"line":268,"column":44}},"111":{"start":{"line":269,"column":6},"end":{"line":276,"column":9}},"112":{"start":{"line":270,"column":8},"end":{"line":270,"column":52}},"113":{"start":{"line":271,"column":8},"end":{"line":271,"column":38}},"114":{"start":{"line":272,"column":8},"end":{"line":275,"column":9}},"115":{"start":{"line":273,"column":10},"end":{"line":273,"column":27}},"116":{"start":{"line":274,"column":10},"end":{"line":274,"column":18}},"117":{"start":{"line":279,"column":4},"end":{"line":279,"column":31}},"118":{"start":{"line":280,"column":4},"end":{"line":282,"column":5}},"119":{"start":{"line":281,"column":6},"end":{"line":281,"column":26}},"120":{"start":{"line":284,"column":4},"end":{"line":300,"column":6}},"121":{"start":{"line":285,"column":6},"end":{"line":287,"column":7}},"122":{"start":{"line":286,"column":8},"end":{"line":286,"column":15}},"123":{"start":{"line":288,"column":6},"end":{"line":290,"column":7}},"124":{"start":{"line":289,"column":8},"end":{"line":289,"column":15}},"125":{"start":{"line":291,"column":6},"end":{"line":291,"column":20}},"126":{"start":{"line":292,"column":6},"end":{"line":294,"column":7}},"127":{"start":{"line":293,"column":8},"end":{"line":293,"column":52}},"128":{"start":{"line":295,"column":6},"end":{"line":297,"column":7}},"129":{"start":{"line":296,"column":8},"end":{"line":296,"column":33}},"130":{"start":{"line":298,"column":6},"end":{"line":298,"column":63}},"131":{"start":{"line":299,"column":6},"end":{"line":299,"column":33}},"132":{"start":{"line":301,"column":4},"end":{"line":301,"column":27}},"133":{"start":{"line":317,"column":2},"end":{"line":322,"column":4}},"134":{"start":{"line":318,"column":4},"end":{"line":318,"column":43}},"135":{"start":{"line":319,"column":4},"end":{"line":319,"column":20}},"136":{"start":{"line":320,"column":4},"end":{"line":320,"column":30}},"137":{"start":{"line":321,"column":4},"end":{"line":321,"column":16}},"138":{"start":{"line":326,"column":2},"end":{"line":326,"column":57}},"139":{"start":{"line":332,"column":2},"end":{"line":342,"column":4}},"140":{"start":{"line":333,"column":4},"end":{"line":333,"column":20}},"141":{"start":{"line":335,"column":4},"end":{"line":340,"column":7}},"142":{"start":{"line":336,"column":6},"end":{"line":336,"column":20}},"143":{"start":{"line":339,"column":6},"end":{"line":339,"column":38}},"144":{"start":{"line":341,"column":4},"end":{"line":341,"column":16}},"145":{"start":{"line":347,"column":2},"end":{"line":350,"column":4}},"146":{"start":{"line":348,"column":4},"end":{"line":348,"column":20}},"147":{"start":{"line":349,"column":4},"end":{"line":349,"column":67}},"148":{"start":{"line":365,"column":2},"end":{"line":370,"column":4}},"149":{"start":{"line":366,"column":4},"end":{"line":366,"column":43}},"150":{"start":{"line":367,"column":4},"end":{"line":367,"column":21}},"151":{"start":{"line":368,"column":4},"end":{"line":368,"column":30}},"152":{"start":{"line":369,"column":4},"end":{"line":369,"column":16}},"153":{"start":{"line":374,"column":2},"end":{"line":374,"column":61}},"154":{"start":{"line":378,"column":2},"end":{"line":378,"column":64}},"155":{"start":{"line":386,"column":2},"end":{"line":422,"column":4}},"156":{"start":{"line":387,"column":4},"end":{"line":390,"column":5}},"157":{"start":{"line":388,"column":6},"end":{"line":388,"column":30}},"158":{"start":{"line":389,"column":6},"end":{"line":389,"column":18}},"159":{"start":{"line":391,"column":4},"end":{"line":392,"column":21}},"160":{"start":{"line":393,"column":4},"end":{"line":393,"column":36}},"161":{"start":{"line":394,"column":4},"end":{"line":394,"column":37}},"162":{"start":{"line":395,"column":4},"end":{"line":398,"column":6}},"163":{"start":{"line":399,"column":4},"end":{"line":399,"column":87}},"164":{"start":{"line":400,"column":4},"end":{"line":419,"column":6}},"165":{"start":{"line":401,"column":6},"end":{"line":409,"column":7}},"166":{"start":{"line":402,"column":8},"end":{"line":402,"column":16}},"167":{"start":{"line":403,"column":8},"end":{"line":403,"column":29}},"168":{"start":{"line":404,"column":8},"end":{"line":408,"column":9}},"169":{"start":{"line":405,"column":10},"end":{"line":405,"column":85}},"170":{"start":{"line":406,"column":10},"end":{"line":406,"column":34}},"171":{"start":{"line":407,"column":10},"end":{"line":407,"column":44}},"172":{"start":{"line":410,"column":6},"end":{"line":418,"column":7}},"173":{"start":{"line":411,"column":8},"end":{"line":411,"column":16}},"174":{"start":{"line":412,"column":8},"end":{"line":412,"column":62}},"175":{"start":{"line":413,"column":8},"end":{"line":417,"column":9}},"176":{"start":{"line":414,"column":10},"end":{"line":414,"column":85}},"177":{"start":{"line":415,"column":10},"end":{"line":415,"column":34}},"178":{"start":{"line":416,"column":10},"end":{"line":416,"column":59}},"179":{"start":{"line":420,"column":4},"end":{"line":420,"column":26}},"180":{"start":{"line":421,"column":4},"end":{"line":421,"column":16}},"181":{"start":{"line":440,"column":2},"end":{"line":456,"column":4}},"182":{"start":{"line":441,"column":4},"end":{"line":441,"column":20}},"183":{"start":{"line":442,"column":4},"end":{"line":442,"column":37}},"184":{"start":{"line":443,"column":4},"end":{"line":443,"column":41}},"185":{"start":{"line":444,"column":4},"end":{"line":444,"column":31}},"186":{"start":{"line":445,"column":4},"end":{"line":455,"column":6}},"187":{"start":{"line":446,"column":6},"end":{"line":449,"column":7}},"188":{"start":{"line":448,"column":8},"end":{"line":448,"column":78}},"189":{"start":{"line":450,"column":6},"end":{"line":454,"column":9}},"190":{"start":{"line":464,"column":2},"end":{"line":483,"column":4}},"191":{"start":{"line":465,"column":4},"end":{"line":468,"column":36}},"192":{"start":{"line":470,"column":4},"end":{"line":470,"column":61}},"193":{"start":{"line":471,"column":4},"end":{"line":471,"column":37}},"194":{"start":{"line":473,"column":4},"end":{"line":478,"column":6}},"195":{"start":{"line":474,"column":6},"end":{"line":477,"column":9}},"196":{"start":{"line":475,"column":8},"end":{"line":475,"column":64}},"197":{"start":{"line":476,"column":8},"end":{"line":476,"column":66}},"198":{"start":{"line":480,"column":4},"end":{"line":482,"column":5}},"199":{"start":{"line":481,"column":6},"end":{"line":481,"column":27}},"200":{"start":{"line":490,"column":2},"end":{"line":499,"column":4}},"201":{"start":{"line":491,"column":4},"end":{"line":491,"column":21}},"202":{"start":{"line":492,"column":4},"end":{"line":492,"column":55}},"203":{"start":{"line":493,"column":4},"end":{"line":498,"column":7}},"204":{"start":{"line":494,"column":6},"end":{"line":497,"column":7}},"205":{"start":{"line":495,"column":8},"end":{"line":495,"column":88}},"206":{"start":{"line":496,"column":8},"end":{"line":496,"column":23}},"207":{"start":{"line":534,"column":2},"end":{"line":570,"column":4}},"208":{"start":{"line":535,"column":4},"end":{"line":535,"column":20}},"209":{"start":{"line":536,"column":4},"end":{"line":569,"column":6}},"210":{"start":{"line":537,"column":6},"end":{"line":540,"column":7}},"211":{"start":{"line":539,"column":8},"end":{"line":539,"column":78}},"212":{"start":{"line":543,"column":6},"end":{"line":543,"column":42}},"213":{"start":{"line":545,"column":6},"end":{"line":560,"column":7}},"214":{"start":{"line":551,"column":8},"end":{"line":559,"column":9}},"215":{"start":{"line":553,"column":10},"end":{"line":553,"column":64}},"216":{"start":{"line":558,"column":10},"end":{"line":558,"column":63}},"217":{"start":{"line":563,"column":6},"end":{"line":565,"column":7}},"218":{"start":{"line":564,"column":8},"end":{"line":564,"column":29}},"219":{"start":{"line":568,"column":6},"end":{"line":568,"column":32}},"220":{"start":{"line":576,"column":2},"end":{"line":584,"column":4}},"221":{"start":{"line":577,"column":4},"end":{"line":577,"column":52}},"222":{"start":{"line":578,"column":4},"end":{"line":583,"column":6}},"223":{"start":{"line":579,"column":6},"end":{"line":579,"column":27}},"224":{"start":{"line":580,"column":6},"end":{"line":582,"column":9}},"225":{"start":{"line":581,"column":8},"end":{"line":581,"column":39}},"226":{"start":{"line":601,"column":2},"end":{"line":614,"column":4}},"227":{"start":{"line":602,"column":4},"end":{"line":602,"column":30}},"228":{"start":{"line":603,"column":4},"end":{"line":603,"column":43}},"229":{"start":{"line":604,"column":4},"end":{"line":612,"column":5}},"230":{"start":{"line":605,"column":6},"end":{"line":605,"column":47}},"231":{"start":{"line":606,"column":6},"end":{"line":606,"column":43}},"232":{"start":{"line":607,"column":6},"end":{"line":610,"column":7}},"233":{"start":{"line":608,"column":8},"end":{"line":608,"column":19}},"234":{"start":{"line":609,"column":8},"end":{"line":609,"column":30}},"235":{"start":{"line":611,"column":6},"end":{"line":611,"column":32}},"236":{"start":{"line":613,"column":4},"end":{"line":613,"column":14}},"237":{"start":{"line":617,"column":2},"end":{"line":617,"column":37}},"238":{"start":{"line":619,"column":2},"end":{"line":619,"column":20}}},"branchMap":{"1":{"line":6,"type":"binary-expr","locations":[{"start":{"line":6,"column":17},"end":{"line":6,"column":46}},{"start":{"line":6,"column":50},"end":{"line":6,"column":64}}]},"2":{"line":8,"type":"if","locations":[{"start":{"line":8,"column":2},"end":{"line":8,"column":2}},{"start":{"line":8,"column":2},"end":{"line":8,"column":2}}]},"3":{"line":12,"type":"if","locations":[{"start":{"line":12,"column":9},"end":{"line":12,"column":9}},{"start":{"line":12,"column":9},"end":{"line":12,"column":9}}]},"4":{"line":20,"type":"binary-expr","locations":[{"start":{"line":20,"column":10},"end":{"line":20,"column":15}},{"start":{"line":20,"column":19},"end":{"line":20,"column":33}}]},"5":{"line":44,"type":"if","locations":[{"start":{"line":44,"column":4},"end":{"line":44,"column":4}},{"start":{"line":44,"column":4},"end":{"line":44,"column":4}}]},"6":{"line":66,"type":"binary-expr","locations":[{"start":{"line":66,"column":26},"end":{"line":66,"column":45}},{"start":{"line":66,"column":49},"end":{"line":66,"column":51}}]},"7":{"line":90,"type":"binary-expr","locations":[{"start":{"line":90,"column":26},"end":{"line":90,"column":45}},{"start":{"line":90,"column":49},"end":{"line":90,"column":51}}]},"8":{"line":105,"type":"if","locations":[{"start":{"line":105,"column":4},"end":{"line":105,"column":4}},{"start":{"line":105,"column":4},"end":{"line":105,"column":4}}]},"9":{"line":109,"type":"if","locations":[{"start":{"line":109,"column":6},"end":{"line":109,"column":6}},{"start":{"line":109,"column":6},"end":{"line":109,"column":6}}]},"10":{"line":114,"type":"if","locations":[{"start":{"line":114,"column":8},"end":{"line":114,"column":8}},{"start":{"line":114,"column":8},"end":{"line":114,"column":8}}]},"11":{"line":117,"type":"if","locations":[{"start":{"line":117,"column":12},"end":{"line":117,"column":12}},{"start":{"line":117,"column":12},"end":{"line":117,"column":12}}]},"12":{"line":168,"type":"cond-expr","locations":[{"start":{"line":168,"column":18},"end":{"line":168,"column":27}},{"start":{"line":168,"column":30},"end":{"line":168,"column":39}}]},"13":{"line":170,"type":"if","locations":[{"start":{"line":170,"column":6},"end":{"line":170,"column":6}},{"start":{"line":170,"column":6},"end":{"line":170,"column":6}}]},"14":{"line":172,"type":"if","locations":[{"start":{"line":172,"column":10},"end":{"line":172,"column":10}},{"start":{"line":172,"column":10},"end":{"line":172,"column":10}}]},"15":{"line":178,"type":"cond-expr","locations":[{"start":{"line":178,"column":31},"end":{"line":178,"column":32}},{"start":{"line":178,"column":35},"end":{"line":178,"column":36}}]},"16":{"line":214,"type":"binary-expr","locations":[{"start":{"line":214,"column":15},"end":{"line":214,"column":50}},{"start":{"line":214,"column":54},"end":{"line":214,"column":66}},{"start":{"line":215,"column":5},"end":{"line":215,"column":35}},{"start":{"line":215,"column":39},"end":{"line":215,"column":55}},{"start":{"line":215,"column":60},"end":{"line":217,"column":3}}]},"17":{"line":254,"type":"if","locations":[{"start":{"line":254,"column":4},"end":{"line":254,"column":4}},{"start":{"line":254,"column":4},"end":{"line":254,"column":4}}]},"18":{"line":263,"type":"if","locations":[{"start":{"line":263,"column":4},"end":{"line":263,"column":4}},{"start":{"line":263,"column":4},"end":{"line":263,"column":4}}]},"19":{"line":268,"type":"cond-expr","locations":[{"start":{"line":268,"column":28},"end":{"line":268,"column":34}},{"start":{"line":268,"column":37},"end":{"line":268,"column":43}}]},"20":{"line":270,"type":"binary-expr","locations":[{"start":{"line":270,"column":28},"end":{"line":270,"column":45}},{"start":{"line":270,"column":49},"end":{"line":270,"column":51}}]},"21":{"line":272,"type":"if","locations":[{"start":{"line":272,"column":8},"end":{"line":272,"column":8}},{"start":{"line":272,"column":8},"end":{"line":272,"column":8}}]},"22":{"line":285,"type":"if","locations":[{"start":{"line":285,"column":6},"end":{"line":285,"column":6}},{"start":{"line":285,"column":6},"end":{"line":285,"column":6}}]},"23":{"line":288,"type":"if","locations":[{"start":{"line":288,"column":6},"end":{"line":288,"column":6}},{"start":{"line":288,"column":6},"end":{"line":288,"column":6}}]},"24":{"line":295,"type":"if","locations":[{"start":{"line":295,"column":6},"end":{"line":295,"column":6}},{"start":{"line":295,"column":6},"end":{"line":295,"column":6}}]},"25":{"line":387,"type":"if","locations":[{"start":{"line":387,"column":4},"end":{"line":387,"column":4}},{"start":{"line":387,"column":4},"end":{"line":387,"column":4}}]},"26":{"line":393,"type":"binary-expr","locations":[{"start":{"line":393,"column":18},"end":{"line":393,"column":29}},{"start":{"line":393,"column":33},"end":{"line":393,"column":35}}]},"27":{"line":401,"type":"if","locations":[{"start":{"line":401,"column":6},"end":{"line":401,"column":6}},{"start":{"line":401,"column":6},"end":{"line":401,"column":6}}]},"28":{"line":404,"type":"if","locations":[{"start":{"line":404,"column":8},"end":{"line":404,"column":8}},{"start":{"line":404,"column":8},"end":{"line":404,"column":8}}]},"29":{"line":410,"type":"if","locations":[{"start":{"line":410,"column":6},"end":{"line":410,"column":6}},{"start":{"line":410,"column":6},"e
[...]
event;","   * `trigger`-ing an event fires all callbacks in succession.","   * Examples:","   * ```js","   * var render = function (template, resources) {};","   * var proxy = new EventProxy();","   * proxy.assign(\"template\", \"l10n\", render);","   * proxy.trigger(\"template\", template);","   * proxy.trigger(\"l10n\", resources);","   * ```","   */","  var EventProxy = function () {","    if (!(this instanceof EventProxy)) {","      return new EventProxy();","    }","    this._callbacks = {};","    this._fired = {};","  };","","  /**","   * Bind an event, specified by a string name, `ev`, to a `callback` function.","   * Passing __ALL_EVENT__ will bind the callback to all events fired.","  * Examples:","   * ```js","   * var proxy = new EventProxy();","   * proxy.addListener(\"template\", function (event) {","   *   // TODO","   * });","   * ```","   * @param {String} eventname Event name.","   * @param {Function} callback Callback.","   */","  EventProxy.prototype.addListener = function (ev, callback) {","    debug('Add listener for %s', ev);","    this._callbacks[ev] = this._callbacks[ev] || [];","    this._callbacks[ev].push(callback);","    return this;","  };","  /**","   * `addListener` alias, `bind`","   */","  EventProxy.prototype.bind = EventProxy.prototype.addListener;","  /**","   * `addListener` alias, `on`","   */","  EventProxy.prototype.on = EventProxy.prototype.addListener;","  /**","   * `addListener` alias, `subscribe`","   */","  EventProxy.prototype.subscribe = EventProxy.prototype.addListener;","","  /**","   * Bind an event, but put the callback into head of all callbacks.","   * @param {String} eventname Event name.","   * @param {Function} callback Callback.","   */","  EventProxy.prototype.headbind = function (ev, callback) {","    debug('Add listener for %s', ev);","    this._callbacks[ev] = this._callbacks[ev] || [];","    this._callbacks[ev].unshift(callback);","    return this;","  };","","  /**","   * Remove one or many callbacks.","   *","   * - If `callback` is null, removes all callbacks for the event.","   * - If `eventname` is null, removes all bound callbacks for all events.","   * @param {String} eventname Event name.","   * @param {Function} callback Callback.","   */","  EventProxy.prototype.removeListener = function (eventname, callback) {","    var calls = this._callbacks;","    if (!eventname) {","      debug('Remove all listeners');","      this._callbacks = {};","    } else {","      if (!callback) {","        debug('Remove all listeners of %s', eventname);","        calls[eventname] = [];","      } else {","        var list = calls[eventname];","        if (list) {","          var l = list.length;","          for (var i = 0; i < l; i++) {","            if (callback === list[i]) {","              debug('Remove a listener of %s', eventname);","              list[i] = null;","            }","          }","        }","      }","    }","    return this;","  };","  /**","   * `removeListener` alias, unbind","   */","  EventProxy.prototype.unbind = EventProxy.prototype.removeListener;","","  /**","   * Remove all listeners. It equals unbind()","   * Just add this API for as same as Event.Emitter.","   * @param {String} event Event name.","   */","  EventProxy.prototype.removeAllListeners = function (event) {","    return this.unbind(event);","  };","","  /**","   * Bind the ALL_EVENT event","   */","  EventProxy.prototype.bindForAll = function (callback) {","    this.bind(ALL_EVENT, callback);","  };","","  /**","   * Unbind the ALL_EVENT event","   */","  EventProxy.prototype.unbindForAll = function (callback) {","    this.unbind(ALL_EVENT, callback);","  };","","  /**","   * Trigger an event, firing all bound callbacks. Callbacks are passed the","   * same arguments as `trigger` is, apart from the event name.","   * Listening for `\"all\"` passes the true event name as the first argument.","   * @param {String} eventname Event name","   * @param {Mix} data Pass in data","   */","  EventProxy.prototype.trigger = function (eventname, data) {","    var list, ev, callback, i, l;","    var both = 2;","    var calls = this._callbacks;","    debug('Emit event %s with data %j', eventname, data);","    while (both--) {","      ev = both ? eventname : ALL_EVENT;","      list = calls[ev];","      if (list) {","        for (i = 0, l = list.length; i < l; i++) {","          if (!(callback = list[i])) {","            list.splice(i, 1);","            i--;","            l--;","          } else {","            var args = [];","            var start = both ? 1 : 0;","            for (var j = start; j < arguments.length; j++) {","              args.push(arguments[j]);","            }","            callback.apply(this, args);","          }","        }","      }","    }","    return this;","  };","","  /**","   * `trigger` alias","   */","  EventProxy.prototype.emit = EventProxy.prototype.trigger;","  /**","   * `trigger` alias","   */","  EventProxy.prototype.fire = EventProxy.prototype.trigger;","","  /**","   * Bind an event like the bind method, but will remove the listener after it was fired.","   * @param {String} ev Event name","   * @param {Function} callback Callback","   */","  EventProxy.prototype.once = function (ev, callback) {","    var self = this;","    var wrapper = function () {","      callback.apply(self, arguments);","      self.unbind(ev, wrapper);","    };","    this.bind(ev, wrapper);","    return this;","  };","","  var later = (typeof setImmediate !== 'undefined' && setImmediate) ||","    (typeof process !== 'undefined' && process.nextTick) || function (fn) {","    setTimeout(fn, 0);","  };","","  /**","   * emitLater","   * make emit async","   */","  EventProxy.prototype.emitLater = function () {","    var self = this;","    var args = arguments;","    later(function () {","      self.trigger.apply(self, args);","    });","  };","","  /**","   * Bind an event, and trigger it immediately.","   * @param {String} ev Event name.","   * @param {Function} callback Callback.","   * @param {Mix} data The data that will be passed to calback as arguments.","   */","  EventProxy.prototype.immediate = function (ev, callback, data) {","    this.bind(ev, callback);","    this.trigger(ev, data);","    return this;","  };","  /**","   * `immediate` alias","   */","  EventProxy.prototype.asap = EventProxy.prototype.immediate;","","  var _assign = function (eventname1, eventname2, cb, once) {","    var proxy = this;","    var argsLength = arguments.length;","    var times = 0;","    var flag = {};","","    // Check the arguments length.","    if (argsLength < 3) {","      return this;","    }","","    var events = SLICE.call(arguments, 0, -2);","    var callback = arguments[argsLength - 2];","    var isOnce = arguments[argsLength - 1];","","    // Check the callback type.","    if (typeof callback !== \"function\") {","      return this;","    }","    debug('Assign listener for events %j, once is %s', events, !!isOnce);","    var bind = function (key) {","      var method = isOnce ? \"once\" : \"bind\";","      proxy[method](key, function (data) {","        proxy._fired[key] = proxy._fired[key] || {};","        proxy._fired[key].data = data;","        if (!flag[key]) {","          flag[key] = true;","          times++;","        }","      });","    };","","    var length = events.length;","    for (var index = 0; index < length; index++) {","      bind(events[index]);","    }","","    var _all = function (event) {","      if (times < length) {","        return;","      }","      if (!flag[event]) {","        return;","      }","      var data = [];","      for (var index = 0; index < length; index++) {","        data.push(proxy._fired[events[index]].data);","      }","      if (isOnce) {","        proxy.unbindForAll(_all);","      }","      debug('Events %j all emited with data %j', events, data);","      callback.apply(null, data);","    };","    proxy.bindForAll(_all);","  };","","  /**","   * Assign some events, after all events were fired, the callback will be executed once.","   *","   * Examples:","   * ```js","   * proxy.all(ev1, ev2, callback);","   * proxy.all([ev1, ev2], callback);","   * proxy.all(ev1, [ev2, ev3], callback);","   * ```","   * @param {String} eventname1 First event name.","   * @param {String} eventname2 Second event name.","   * @param {Function} callback Callback, that will be called after predefined events were fired.","   */","  EventProxy.prototype.all = function (eventname1, eventname2, callback) {","    var args = CONCAT.apply([], arguments);","    args.push(true);","    _assign.apply(this, args);","    return this;","  };","  /**","   * `all` alias","   */","  EventProxy.prototype.assign = EventProxy.prototype.all;","","  /**","   * Assign the only one 'error' event handler.","   * @param {Function(err)} callback","   */","  EventProxy.prototype.fail = function (callback) {","    var that = this;","","    that.once('error', function () {","      that.unbind();","      // put all arguments to the error handler","      // fail(function(err, args1, args2, ...){})","      callback.apply(null, arguments);","    });","    return this;","  };","","  /**","   * A shortcut of ep#emit('error', err)","   */","  EventProxy.prototype.throw = function () {","    var that = this;","    that.emit.apply(that, ['error'].concat(SLICE.call(arguments)));","  };","","  /**","   * Assign some events, after all events were fired, the callback will be executed first time.","   * Then any event that predefined be fired again, the callback will executed with the newest data.","   * Examples:","   * ```js","   * proxy.tail(ev1, ev2, callback);","   * proxy.tail([ev1, ev2], callback);","   * proxy.tail(ev1, [ev2, ev3], callback);","   * ```","   * @param {String} eventname1 First event name.","   * @param {String} eventname2 Second event name.","   * @param {Function} callback Callback, that will be called after predefined events were fired.","   */","  EventProxy.prototype.tail = function () {","    var args = CONCAT.apply([], arguments);","    args.push(false);","    _assign.apply(this, args);","    return this;","  };","  /**","   * `tail` alias, assignAll","   */","  EventProxy.prototype.assignAll = EventProxy.prototype.tail;","  /**","   * `tail` alias, assignAlways","   */","  EventProxy.prototype.assignAlways = EventProxy.prototype.tail;","","  /**","   * The callback will be executed after the event be fired N times.","   * @param {String} eventname Event name.","   * @param {Number} times N times.","   * @param {Function} callback Callback, that will be called after event was fired N times.","   */","  EventProxy.prototype.after = function (eventname, times, callback) {","    if (times === 0) {","      callback.call(null, []);","      return this;","    }","    var proxy = this,","      firedData = [];","    this._after = this._after || {};","    var group = eventname + '_group';","    this._after[group] = {","      index: 0,","      results: []","    };","    debug('After emit %s times, event %s\\'s listenner will execute', times, eventname);","    var all = function (name, data) {","      if (name === eventname) {","        times--;","        firedData.push(data);","        if (times < 1) {","          debug('Event %s was emit %s, and execute the listenner', eventname, times);","          proxy.unbindForAll(all);","          callback.apply(null, [firedData]);","        }","      }","      if (name === group) {","        times--;","        proxy._after[group].results[data.index] = data.result;","        if (times < 1) {","          debug('Event %s was emit %s, and execute the listenner', eventname, times);","          proxy.unbindForAll(all);","          callback.call(null, proxy._after[group].results);","        }","      }","    };","    proxy.bindForAll(all);","    return this;","  };","","  /**","   * The `after` method's helper. Use it will return ordered results.","   * If you need manipulate result, you need callback","   * Examples:","   * ```js","   * var ep = new EventProxy();","   * ep.after('file', files.length, function (list) {","   *   // Ordered results","   * });","   * for (var i = 0; i < files.length; i++) {","   *   fs.readFile(files[i], 'utf-8', ep.group('file'));","   * }","   * ```","   * @param {String} eventname Event name, shoule keep consistent with `after`.","   * @param {Function} callback Callback function, should return the final result.","   */","  EventProxy.prototype.group = function (eventname, callback) {","    var that = this;","    var group = eventname + '_group';","    var index = that._after[group].index;","    that._after[group].index++;","    return function (err, data) {","      if (err) {","        // put all arguments to the error handler","        return that.emit.apply(that, ['error'].concat(SLICE.call(arguments)));","      }","      that.emit(group, {","        index: index,","        // callback(err, args1, args2, ...)","        result: callback ? callback.apply(null, SLICE.call(arguments, 1)) : data","      });","    };","  };","","  /**","   * The callback will be executed after any registered event was fired. It only executed once.","   * @param {String} eventname1 Event name.","   * @param {String} eventname2 Event name.","   * @param {Function} callback The callback will get a map that has data and eventname attributes.","   */","  EventProxy.prototype.any = function () {","    var proxy = this,","      callback = arguments[arguments.length - 1],","      events = SLICE.call(arguments, 0, -1),","      _eventname = events.join(\"_\");","","    debug('Add listenner for Any of events %j emit', events);","    proxy.once(_eventname, callback);","","    var _bind = function (key) {","      proxy.bind(key, function (data) {","        debug('One of events %j emited, execute the listenner');","        proxy.trigger(_eventname, {\"data\": data, eventName: key});","      });","    };","","    for (var index = 0; index < events.length; index++) {","      _bind(events[index]);","    }","  };","","  /**","   * The callback will be executed when the event name not equals with assigned event.","   * @param {String} eventname Event name.","   * @param {Function} callback Callback.","   */","  EventProxy.prototype.not = function (eventname, callback) {","    var proxy = this;","    debug('Add listenner for not event %s', eventname);","    proxy.bindForAll(function (name, data) {","      if (name !== eventname) {","        debug('listenner execute of event %s emit, but not event %s.', name, eventname);","        callback(data);","      }","    });","  };","","  /**","   * Success callback wrapper, will handler err for you.","   *","   * ```js","   * fs.readFile('foo.txt', ep.done('content'));","   *","   * // equal to =>","   *","   * fs.readFile('foo.txt', function (err, content) {","   *   if (err) {","   *     return ep.emit('error', err);","   *   }","   *   ep.emit('content', content);","   * });","   * ```","   *","   * ```js","   * fs.readFile('foo.txt', ep.done('content', function (content) {","   *   return content.trim();","   * }));","   *","   * // equal to =>","   *","   * fs.readFile('foo.txt', function (err, content) {","   *   if (err) {","   *     return ep.emit('error', err);","   *   }","   *   ep.emit('content', content.trim());","   * });","   * ```","   * @param {Function|String} handler, success callback or event name will be emit after callback.","   * @return {Function}","   */","  EventProxy.prototype.done = function (handler, callback) {","    var that = this;","    return function (err, data) {","      if (err) {","        // put all arguments to the error handler","        return that.emit.apply(that, ['error'].concat(SLICE.call(arguments)));","      }","","      // callback(err, args1, args2, ...)","      var args = SLICE.call(arguments, 1);","","      if (typeof handler === 'string') {","        // getAsync(query, ep.done('query'));","        // or","        // getAsync(query, ep.done('query', function (data) {","        //   return data.trim();","        // }));","        if (callback) {","          // only replace the args when it really return a result","          return that.emit(handler, callback.apply(null, args));","        } else {","          // put all arguments to the done handler","          //ep.done('some');","          //ep.on('some', function(args1, args2, ...){});","          return that.emit.apply(that, [handler].concat(args));","        }","      }","","      // speed improve for mostly case: `callback(err, data)`","      if (arguments.length <= 2) {","        return handler(data);","      }","","      // callback(err, args1, args2, ...)","      handler.apply(null, args);","    };","  };","","  /**","   * make done async","   * @return {Function} delay done","   */","  EventProxy.prototype.doneLater = function (handler, callback) {","    var _doneHandler = this.done(handler, callback);","    return function (err, data) {","      var args = arguments;","      later(function () {","        _doneHandler.apply(null, args);","      });","    };","  };","","  /**","   * Create a new EventProxy","   * Examples:","   * ```js","   * var ep = EventProxy.create();","   * ep.assign('user', 'articles', function(user, articles) {","   *   // do something...","   * });","   * // or one line ways: Create EventProxy and Assign","   * var ep = EventProxy.create('user', 'articles', function(user, articles) {","   *   // do something...","   * });","   * ```","   * @return {EventProxy} EventProxy instance","   */","  EventProxy.create = function () {","    var ep = new EventProxy();","    var args = CONCAT.apply([], arguments);","    if (args.length) {","      var errorHandler = args[args.length - 1];","      var callback = args[args.length - 2];","      if (typeof errorHandler === 'function' && typeof callback === 'function') {","        args.pop();","        ep.fail(errorHandler);","      }","      ep.assign.apply(ep, args);","    }","    return ep;","  };","","  // Backwards compatibility","  EventProxy.EventProxy = EventProxy;","","  return EventProxy;","});",""],"l":{"2":1,"4":1,"8":1,"10":0,"11":0,"12":1,"14":1,"17":0,"20":1,"25":1,"26":1,"27":1,"43":1,"44":0,"45":0,"47":0,"48":0,"64":1,"65":0,"66":0,"67":0,"68":0,"73":1,"77":1,"81":1,"88":1,"89":0,"90":0,"91":0,"92":0,"103":1,"104":0,"105":0,"106":0,"107":0,"109":0,"110":0,"111":0,"113":0,"114":0,"115":0,"116":0,"117":0,"118":0,"119":0,"125":0,"130":1,"137":1,"138":0,"144":1,"145":0,"151":1,"152":0,"162":1,"163":0,"164":0,"165":0,"166":0,"167":0,"168":0,"169":0,"170":0,"171":0,"172":0,"173":0,"174":0,"175":0,"177":0,"178":0,"179":0,"180":0,"182":0,"187":0,"193":1,"197":1,"204":1,"205":0,"206":0,"207":0,"208":0,"210":0,"211":0,"214":1,"216":0,"223":1,"224":0,"225":0,"226":0,"227":0,"237":1,"238":0,"239":0,"240":0,"245":1,"247":1,"248":0,"249":0,"250":0,"251":0,"254":0,"255":0,"258":0,"259":0,"260":0,"263":0,"264":0,"266":0,"267":0,"268":0,"269":0,"270":0,"271":0,"272":0,"273":0,"274":0,"279":0,"280":0,"281":0,"284":0,"285":0,"286":0,"288":0,"289":0,"291":0,"292":0,"293":0,"295":0,"296":0,"298":0,"299":0,"301":0,"317":1,"318":0,"319":0,"320":0,"321":0,"326":1,"332":1,"333":0,"335":0,"336":0,"339":0,"341":0,"347":1,"348":0,"349":0,"365":1,"366":0,"367":0,"368":0,"369":0,"374":1,"378":1,"386":1,"387":0,"388":0,"389":0,"391":0,"393":0,"394":0,"395":0,"399":0,"400":0,"401":0,"402":0,"403":0,"404":0,"405":0,"406":0,"407":0,"410":0,"411":0,"412":0,"413":0,"414":0,"415":0,"416":0,"420":0,"421":0,"440":1,"441":0,"442":0,"443":0,"444":0,"445":0,"446":0,"448":0,"450":0,"464":1,"465":0,"470":0,"471":0,"473":0,"474":0,"475":0,"476":0,"480":0,"481":0,"490":1,"491":0,"492":0,"493":0,"494":0,"495":0,"496":0,"534":1,"535":0,"536":0,"537":0,"539":0,"543":0,"545":0,"551":0,"553":0,"558":0,"563":0,"564":0,"568":0,"576":1,"577":0,"578":0,"579":0,"580":0,"581":0,"601":1,"602":0,"603":0,"604":0,"605":0,"606":0,"607":0,"608":0,"609":0,"611":0,"613":0,"617":1,"619":1}}}